out=  0 st=  0 frame=     1 q= 35.0 f_size=  69735 s_size=       68kB time= 0.010 br= 13389.1kbits/s avg_br= 55788.0kbits/s type= I
out=  0 st=  0 frame=     2 q= 35.0 f_size=   7251 s_size=       75kB time= 0.010 br=  1392.2kbits/s avg_br= 61588.8kbits/s type= P
out=  0 st=  0 frame=     3 q= 35.0 f_size=    810 s_size=       76kB time= 0.010 br=   155.5kbits/s avg_br= 62236.8kbits/s type= B
out=  0 st=  0 frame=     4 q= 35.0 f_size=    431 s_size=       76kB time= 0.043 br=    82.8kbits/s avg_br= 14553.9kbits/s type= B
out=  0 st=  0 frame=     5 q= 35.0 f_size=    537 s_size=       77kB time= 0.084 br=   103.1kbits/s avg_br=  7501.3kbits/s type= B
out=  0 st=  0 frame=     6 q= 35.0 f_size=  11397 s_size=       88kB time= 0.126 br=  2188.2kbits/s avg_br=  5724.5kbits/s type= P
out=  0 st=  0 frame=     7 q= 35.0 f_size=   1054 s_size=       89kB time= 0.168 br=   202.4kbits/s avg_br=  4343.6kbits/s type= B
out=  0 st=  0 frame=     8 q= 35.0 f_size=    771 s_size=       90kB time= 0.209 br=   148.0kbits/s avg_br=  3521.0kbits/s type= B
out=  0 st=  0 frame=     9 q= 35.0 f_size=    623 s_size=       90kB time= 0.251 br=   119.6kbits/s avg_br=  2951.7kbits/s type= B
out=  0 st=  0 frame=    10 q= 35.0 f_size=  12261 s_size=      102kB time= 0.293 br=  2354.1kbits/s avg_br=  2863.3kbits/s type= P
out=  0 st=  0 frame=    11 q= 35.0 f_size=    946 s_size=      103kB time= 0.334 br=   181.6kbits/s avg_br=  2534.5kbits/s type= B
out=  0 st=  0 frame=    12 q= 35.0 f_size=    751 s_size=      104kB time= 0.376 br=   144.2kbits/s avg_br=  2267.4kbits/s type= B
out=  0 st=  0 frame=    13 q= 35.0 f_size=    622 s_size=      105kB time= 0.418 br=   119.4kbits/s avg_br=  2051.5kbits/s type= B
out=  0 st=  0 frame=    14 q= 35.0 f_size=  12125 s_size=      117kB time= 0.459 br=  2328.0kbits/s avg_br=  2079.5kbits/s type= P
out=  0 st=  0 frame=    15 q= 35.0 f_size=    888 s_size=      117kB time= 0.501 br=   170.5kbits/s avg_br=  1919.4kbits/s type= B
out=  0 st=  0 frame=    16 q= 35.0 f_size=    736 s_size=      118kB time= 0.543 br=   141.3kbits/s avg_br=  1781.8kbits/s type= B
out=  0 st=  0 frame=    17 q= 35.0 f_size=    651 s_size=      119kB time= 0.584 br=   125.0kbits/s avg_br=  1665.6kbits/s type= B
out=  0 st=  0 frame=    18 q= 35.0 f_size=  12945 s_size=      131kB time= 0.626 br=  2485.4kbits/s avg_br=  1719.3kbits/s type= P
out=  0 st=  0 frame=    19 q= 35.0 f_size=    864 s_size=      132kB time= 0.668 br=   165.9kbits/s avg_br=  1621.5kbits/s type= B
out=  0 st=  0 frame=    20 q= 35.0 f_size=    787 s_size=      133kB time= 0.709 br=   151.1kbits/s avg_br=  1536.6kbits/s type= B
out=  0 st=  0 frame=    21 q= 35.0 f_size=    659 s_size=      134kB time= 0.751 br=   126.5kbits/s avg_br=  1457.7kbits/s type= B
out=  0 st=  0 frame=    22 q= 35.0 f_size=  11799 s_size=      145kB time= 0.793 br=  2265.4kbits/s avg_br=  1499.6kbits/s type= P
out=  0 st=  0 frame=    23 q= 35.0 f_size=    996 s_size=      146kB time= 0.834 br=   191.2kbits/s avg_br=  1435.4kbits/s type= B
out=  0 st=  0 frame=    24 q= 35.0 f_size=    802 s_size=      147kB time= 0.876 br=   154.0kbits/s avg_br=  1373.9kbits/s type= B
out=  0 st=  0 frame=    25 q= 35.0 f_size=    633 s_size=      148kB time= 0.918 br=   121.5kbits/s avg_br=  1316.5kbits/s type= B
out=  0 st=  0 frame=    26 q= 35.0 f_size=  12039 s_size=      159kB time= 0.959 br=  2311.5kbits/s avg_br=  1360.7kbits/s type= P
out=  0 st=  0 frame=    27 q= 35.0 f_size=    986 s_size=      160kB time= 1.001 br=   189.3kbits/s avg_br=  1311.5kbits/s type= B
out=  0 st=  0 frame=    28 q= 35.0 f_size=    768 s_size=      161kB time= 1.043 br=   147.5kbits/s avg_br=  1264.6kbits/s type= B
out=  0 st=  0 frame=    29 q= 35.0 f_size=    773 s_size=      162kB time= 1.084 br=   148.4kbits/s avg_br=  1222.4kbits/s type= B
out=  0 st=  0 frame=    30 q= 35.0 f_size=  12277 s_size=      174kB time= 1.126 br=  2357.2kbits/s avg_br=  1264.1kbits/s type= P
out=  0 st=  0 frame=    31 q= 35.0 f_size=   1099 s_size=      175kB time= 1.168 br=   211.0kbits/s avg_br=  1226.1kbits/s type= B
out=  0 st=  0 frame=    32 q= 35.0 f_size=    787 s_size=      176kB time= 1.209 br=   151.1kbits/s avg_br=  1189.8kbits/s type= B
out=  0 st=  0 frame=    33 q= 35.0 f_size=    704 s_size=      176kB time= 1.251 br=   135.2kbits/s avg_br=  1154.3kbits/s type= B
out=  0 st=  0 frame=    34 q= 35.0 f_size=  12646 s_size=      189kB time= 1.293 br=  2428.0kbits/s avg_br=  1195.1kbits/s type= P
out=  0 st=  0 frame=    35 q= 35.0 f_size=   1071 s_size=      190kB time= 1.334 br=   205.6kbits/s avg_br=  1164.8kbits/s type= B
out=  0 st=  0 frame=    36 q= 35.0 f_size=    794 s_size=      190kB time= 1.376 br=   152.4kbits/s avg_br=  1133.8kbits/s type= B
out=  0 st=  0 frame=    37 q= 35.0 f_size=    776 s_size=      191kB time= 1.418 br=   149.0kbits/s avg_br=  1104.6kbits/s type= B
out=  0 st=  0 frame=    38 q= 35.0 f_size=  12515 s_size=      203kB time= 1.459 br=  2402.9kbits/s avg_br=  1142.2kbits/s type= P
out=  0 st=  0 frame=    39 q= 35.0 f_size=   1060 s_size=      204kB time= 1.501 br=   203.5kbits/s avg_br=  1115.9kbits/s type= B
out=  0 st=  0 frame=    40 q= 35.0 f_size=    912 s_size=      205kB time= 1.543 br=   175.1kbits/s avg_br=  1090.2kbits/s type= B
out=  0 st=  0 frame=    41 q= 35.0 f_size=    856 s_size=      206kB time= 1.584 br=   164.4kbits/s avg_br=  1066.3kbits/s type= B
out=  0 st=  0 frame=    42 q= 35.0 f_size=  11233 s_size=      217kB time= 1.626 br=  2156.7kbits/s avg_br=  1094.1kbits/s type= P
out=  0 st=  0 frame=    43 q= 35.0 f_size=   1094 s_size=      218kB time= 1.668 br=   210.0kbits/s avg_br=  1071.8kbits/s type= B
out=  0 st=  0 frame=    44 q= 35.0 f_size=    816 s_size=      219kB time= 1.709 br=   156.7kbits/s avg_br=  1049.9kbits/s type= B
out=  0 st=  0 frame=    45 q= 35.0 f_size=    781 s_size=      220kB time= 1.751 br=   150.0kbits/s avg_br=  1028.3kbits/s type= B
out=  0 st=  0 frame=    46 q= 35.0 f_size=  12120 s_size=      232kB time= 1.793 br=  2327.0kbits/s avg_br=  1058.3kbits/s type= P
out=  0 st=  0 frame=    47 q= 35.0 f_size=   1185 s_size=      233kB time= 1.834 br=   227.5kbits/s avg_br=  1039.8kbits/s type= B
out=  0 st=  0 frame=    48 q= 35.0 f_size=    954 s_size=      234kB time= 1.876 br=   183.2kbits/s avg_br=  1020.6kbits/s type= B
out=  0 st=  0 frame=    49 q= 35.0 f_size=    849 s_size=      235kB time= 1.918 br=   163.0kbits/s avg_br=  1001.7kbits/s type= B
out=  0 st=  0 frame=    50 q= 35.0 f_size=  11239 s_size=      246kB time= 1.959 br=  2157.9kbits/s avg_br=  1026.7kbits/s type= P
out=  0 st=  0 frame=    51 q= 35.0 f_size=   1497 s_size=      247kB time= 2.001 br=   287.4kbits/s avg_br=  1011.1kbits/s type= B
out=  0 st=  0 frame=    52 q= 35.0 f_size=    998 s_size=      248kB time= 2.043 br=   191.6kbits/s avg_br=   994.2kbits/s type= B
out=  0 st=  0 frame=    53 q= 35.0 f_size=    977 s_size=      249kB time= 2.084 br=   187.6kbits/s avg_br=   978.4kbits/s type= B
out=  0 st=  0 frame=    54 q= 35.0 f_size=  12671 s_size=      261kB time= 2.126 br=  2432.8kbits/s avg_br=  1006.8kbits/s type= P
out=  0 st=  0 frame=    55 q= 35.0 f_size=   1510 s_size=      263kB time= 2.168 br=   289.9kbits/s avg_br=   992.8kbits/s type= B
out=  0 st=  0 frame=    56 q= 35.0 f_size=   1011 s_size=      264kB time= 2.209 br=   194.1kbits/s avg_br=   978.1kbits/s type= B
out=  0 st=  0 frame=    57 q= 35.0 f_size=    947 s_size=      265kB time= 2.251 br=   181.8kbits/s avg_br=   963.2kbits/s type= B
out=  0 st=  0 frame=    58 q= 35.0 f_size=  12326 s_size=      277kB time= 2.293 br=  2366.6kbits/s avg_br=   988.6kbits/s type= P
out=  0 st=  0 frame=    59 q= 35.0 f_size=   1677 s_size=      278kB time= 2.334 br=   322.0kbits/s avg_br=   976.9kbits/s type= B
out=  0 st=  0 frame=    60 q= 35.0 f_size=   1021 s_size=      279kB time= 2.376 br=   196.0kbits/s avg_br=   963.1kbits/s type= B
out=  0 st=  0 frame=    61 q= 35.0 f_size=   1065 s_size=      280kB time= 2.418 br=   204.5kbits/s avg_br=   949.9kbits/s type= B
out=  0 st=  0 frame=    62 q= 35.0 f_size=  14068 s_size=      294kB time= 2.459 br=  2701.1kbits/s avg_br=   979.8kbits/s type= P
out=  0 st=  0 frame=    63 q= 35.0 f_size=   1696 s_size=      296kB time= 2.501 br=   325.6kbits/s avg_br=   968.8kbits/s type= B
out=  0 st=  0 frame=    64 q= 35.0 f_size=   1132 s_size=      297kB time= 2.543 br=   217.3kbits/s avg_br=   956.4kbits/s type= B
out=  0 st=  0 frame=    65 q= 35.0 f_size=   1042 s_size=      298kB time= 2.584 br=   200.1kbits/s avg_br=   944.4kbits/s type= B
out=  0 st=  0 frame=    66 q= 35.0 f_size=  13518 s_size=      311kB time= 2.626 br=  2595.5kbits/s avg_br=   970.5kbits/s type= P
out=  0 st=  0 frame=    67 q= 35.0 f_size=   1843 s_size=      313kB time= 2.668 br=   353.9kbits/s avg_br=   960.7kbits/s type= B
out=  0 st=  0 frame=    68 q= 35.0 f_size=   1062 s_size=      314kB time= 2.709 br=   203.9kbits/s avg_br=   949.3kbits/s type= B
out=  0 st=  0 frame=    69 q= 35.0 f_size=   1048 s_size=      315kB time= 2.751 br=   201.2kbits/s avg_br=   937.9kbits/s type= B
out=  0 st=  0 frame=    70 q= 35.0 f_size=  13008 s_size=      328kB time= 2.793 br=  2497.5kbits/s avg_br=   961.0kbits/s type= P
out=  0 st=  0 frame=    71 q= 35.0 f_size=   1833 s_size=      329kB time= 2.834 br=   351.9kbits/s avg_br=   952.3kbits/s type= B
out=  0 st=  0 frame=    72 q= 35.0 f_size=   1094 s_size=      331kB time= 2.876 br=   210.0kbits/s avg_br=   941.5kbits/s type= B
out=  0 st=  0 frame=    73 q= 35.0 f_size=    940 s_size=      331kB time= 2.918 br=   180.5kbits/s avg_br=   930.5kbits/s type= B
out=  0 st=  0 frame=    74 q= 35.0 f_size=  13901 s_size=      345kB time= 2.959 br=  2669.0kbits/s avg_br=   955.2kbits/s type= P
out=  0 st=  0 frame=    75 q= 35.0 f_size=   1928 s_size=      347kB time= 3.001 br=   370.2kbits/s avg_br=   946.9kbits/s type= B
out=  0 st=  0 frame=    76 q= 35.0 f_size=   1138 s_size=      348kB time= 3.043 br=   218.5kbits/s avg_br=   936.9kbits/s type= B
out=  0 st=  0 frame=    77 q= 35.0 f_size=   1059 s_size=      349kB time= 3.084 br=   203.3kbits/s avg_br=   927.2kbits/s type= B
out=  0 st=  0 frame=    78 q= 35.0 f_size=  13519 s_size=      362kB time= 3.126 br=  2595.6kbits/s avg_br=   949.3kbits/s type= P
out=  0 st=  0 frame=    79 q= 35.0 f_size=   1820 s_size=      364kB time= 3.168 br=   349.4kbits/s avg_br=   941.3kbits/s type= B
out=  0 st=  0 frame=    80 q= 35.0 f_size=   1281 s_size=      365kB time= 3.209 br=   246.0kbits/s avg_br=   932.5kbits/s type= B
out=  0 st=  0 frame=    81 q= 35.0 f_size=   1081 s_size=      366kB time= 3.251 br=   207.6kbits/s avg_br=   923.1kbits/s type= B
out=  0 st=  0 frame=    82 q= 35.0 f_size=  14662 s_size=      381kB time= 3.293 br=  2815.1kbits/s avg_br=   946.9kbits/s type= P
out=  0 st=  0 frame=    83 q= 35.0 f_size=   2054 s_size=      383kB time= 3.334 br=   394.4kbits/s avg_br=   940.2kbits/s type= B
out=  0 st=  0 frame=    84 q= 35.0 f_size=   1070 s_size=      384kB time= 3.376 br=   205.4kbits/s avg_br=   931.1kbits/s type= B
out=  0 st=  0 frame=    85 q= 35.0 f_size=    987 s_size=      385kB time= 3.418 br=   189.5kbits/s avg_br=   921.9kbits/s type= B
out=  0 st=  0 frame=    86 q= 35.0 f_size=  13978 s_size=      398kB time= 3.459 br=  2683.8kbits/s avg_br=   943.3kbits/s type= P
out=  0 st=  0 frame=    87 q= 35.0 f_size=   1923 s_size=      400kB time= 3.501 br=   369.2kbits/s avg_br=   936.4kbits/s type= B
out=  0 st=  0 frame=    88 q= 35.0 f_size=   1070 s_size=      401kB time= 3.543 br=   205.4kbits/s avg_br=   927.7kbits/s type= B
out=  0 st=  0 frame=    89 q= 35.0 f_size=    980 s_size=      402kB time= 3.584 br=   188.2kbits/s avg_br=   919.3kbits/s type= B
out=  0 st=  0 frame=    90 q= 35.0 f_size=  14860 s_size=      417kB time= 3.626 br=  2853.1kbits/s avg_br=   941.4kbits/s type= P
out=  0 st=  0 frame=    91 q= 35.0 f_size=   1813 s_size=      418kB time= 3.668 br=   348.1kbits/s avg_br=   934.6kbits/s type= B
out=  0 st=  0 frame=    92 q= 35.0 f_size=   1143 s_size=      420kB time= 3.709 br=   219.5kbits/s avg_br=   926.7kbits/s type= B
out=  0 st=  0 frame=    93 q= 35.0 f_size=    951 s_size=      421kB time= 3.751 br=   182.6kbits/s avg_br=   918.4kbits/s type= B
out=  0 st=  0 frame=    94 q= 35.0 f_size=  14151 s_size=      434kB time= 3.793 br=  2717.0kbits/s avg_br=   938.1kbits/s type= P
out=  0 st=  0 frame=    95 q= 35.0 f_size=   1871 s_size=      436kB time= 3.834 br=   359.2kbits/s avg_br=   931.9kbits/s type= B
out=  0 st=  0 frame=    96 q= 35.0 f_size=   1137 s_size=      437kB time= 3.876 br=   218.3kbits/s avg_br=   924.2kbits/s type= B
out=  0 st=  0 frame=    97 q= 35.0 f_size=   1093 s_size=      438kB time= 3.918 br=   209.9kbits/s avg_br=   916.5kbits/s type= B
out=  0 st=  0 frame=    98 q= 35.0 f_size=  15070 s_size=      453kB time= 3.959 br=  2893.4kbits/s avg_br=   937.5kbits/s type= P
out=  0 st=  0 frame=    99 q= 35.0 f_size=   1928 s_size=      455kB time= 4.001 br=   370.2kbits/s avg_br=   931.5kbits/s type= B
out=  0 st=  0 frame=   100 q= 35.0 f_size=    997 s_size=      456kB time= 4.043 br=   191.4kbits/s avg_br=   923.8kbits/s type= B
out=  0 st=  0 frame=   101 q= 35.0 f_size=    865 s_size=      457kB time= 4.084 br=   166.1kbits/s avg_br=   916.2kbits/s type= B
out=  0 st=  0 frame=   102 q= 35.0 f_size=  13548 s_size=      470kB time= 4.126 br=  2601.2kbits/s avg_br=   933.1kbits/s type= P
out=  0 st=  0 frame=   103 q= 35.0 f_size=   1665 s_size=      472kB time= 4.168 br=   319.7kbits/s avg_br=   926.9kbits/s type= B
out=  0 st=  0 frame=   104 q= 35.0 f_size=    908 s_size=      473kB time= 4.209 br=   174.3kbits/s avg_br=   919.6kbits/s type= B
out=  0 st=  0 frame=   105 q= 35.0 f_size=    945 s_size=      473kB time= 4.251 br=   181.4kbits/s avg_br=   912.3kbits/s type= B
out=  0 st=  0 frame=   106 q= 35.0 f_size=  14661 s_size=      488kB time= 4.293 br=  2814.9kbits/s avg_br=   930.7kbits/s type= P
out=  0 st=  0 frame=   107 q= 35.0 f_size=   1514 s_size=      489kB time= 4.334 br=   290.7kbits/s avg_br=   924.7kbits/s type= B
out=  0 st=  0 frame=   108 q= 35.0 f_size=    940 s_size=      490kB time= 4.376 br=   180.5kbits/s avg_br=   917.6kbits/s type= B
out=  0 st=  0 frame=   109 q= 35.0 f_size=    834 s_size=      491kB time= 4.418 br=   160.1kbits/s avg_br=   910.3kbits/s type= B
out=  0 st=  0 frame=   110 q= 35.0 f_size=  13235 s_size=      504kB time= 4.459 br=  2541.1kbits/s avg_br=   925.7kbits/s type= P
out=  0 st=  0 frame=   111 q= 35.0 f_size=   1483 s_size=      505kB time= 4.501 br=   284.7kbits/s avg_br=   919.7kbits/s type= B
out=  0 st=  0 frame=   112 q= 35.0 f_size=    881 s_size=      506kB time= 4.543 br=   169.2kbits/s avg_br=   912.8kbits/s type= B
out=  0 st=  0 frame=   113 q= 35.0 f_size=    722 s_size=      507kB time= 4.584 br=   138.6kbits/s avg_br=   905.9kbits/s type= B
out=  0 st=  0 frame=   114 q= 35.0 f_size=  14213 s_size=      521kB time= 4.626 br=  2728.9kbits/s avg_br=   922.2kbits/s type= P
out=  0 st=  0 frame=   115 q= 35.0 f_size=   1320 s_size=      522kB time= 4.668 br=   253.4kbits/s avg_br=   916.2kbits/s type= B
out=  0 st=  0 frame=   116 q= 35.0 f_size=    856 s_size=      523kB time= 4.709 br=   164.4kbits/s avg_br=   909.7kbits/s type= B
out=  0 st=  0 frame=   117 q= 35.0 f_size=    707 s_size=      524kB time= 4.751 br=   135.7kbits/s avg_br=   902.8kbits/s type= B
out=  0 st=  0 frame=   118 q= 35.0 f_size=  12789 s_size=      536kB time= 4.793 br=  2455.5kbits/s avg_br=   916.2kbits/s type= P
out=  0 st=  0 frame=   119 q= 35.0 f_size=   1120 s_size=      537kB time= 4.834 br=   215.0kbits/s avg_br=   910.3kbits/s type= B
out=  0 st=  0 frame=   120 q= 35.0 f_size=    666 s_size=      538kB time= 4.876 br=   127.9kbits/s avg_br=   903.6kbits/s type= B
out=  0 st=  0 frame=   121 q= 35.0 f_size=    668 s_size=      538kB time= 4.918 br=   128.3kbits/s avg_br=   896.9kbits/s type= B
out=  0 st=  0 frame=   122 q= 35.0 f_size=  11038 s_size=      549kB time= 4.959 br=  2119.3kbits/s avg_br=   907.3kbits/s type= P
out=  0 st=  0 frame=   123 q= 35.0 f_size=   1086 s_size=      550kB time= 5.001 br=   208.5kbits/s avg_br=   901.5kbits/s type= B
out=  0 st=  0 frame=   124 q= 35.0 f_size=    708 s_size=      551kB time= 5.043 br=   135.9kbits/s avg_br=   895.1kbits/s type= B
out=  0 st=  0 frame=   125 q= 35.0 f_size=    562 s_size=      552kB time= 5.084 br=   107.9kbits/s avg_br=   888.7kbits/s type= B
out=  0 st=  0 frame=   126 q= 35.0 f_size=  10367 s_size=      562kB time= 5.126 br=  1990.5kbits/s avg_br=   897.6kbits/s type= P
out=  0 st=  0 frame=   127 q= 35.0 f_size=   1123 s_size=      563kB time= 5.168 br=   215.6kbits/s avg_br=   892.1kbits/s type= B
out=  0 st=  0 frame=   128 q= 35.0 f_size=    662 s_size=      563kB time= 5.209 br=   127.1kbits/s avg_br=   886.1kbits/s type= B
out=  0 st=  0 frame=   129 q= 35.0 f_size=    625 s_size=      564kB time= 5.251 br=   120.0kbits/s avg_br=   879.9kbits/s type= B
out=  0 st=  0 frame=   130 q= 35.0 f_size=   7958 s_size=      572kB time= 5.293 br=  1527.9kbits/s avg_br=   885.0kbits/s type= P
out=  0 st=  0 frame=   131 q= 35.0 f_size=    885 s_size=      573kB time= 5.334 br=   169.9kbits/s avg_br=   879.5kbits/s type= B
out=  0 st=  0 frame=   132 q= 35.0 f_size=    692 s_size=      573kB time= 5.376 br=   132.9kbits/s avg_br=   873.7kbits/s type= B
out=  0 st=  0 frame=   133 q= 35.0 f_size=   9409 s_size=      583kB time= 5.418 br=  1806.5kbits/s avg_br=   880.8kbits/s type= P
out=  0 st=  0 frame=   134 q= 35.0 f_size=    848 s_size=      583kB time= 5.459 br=   162.8kbits/s avg_br=   875.4kbits/s type= B
out=  0 st=  0 frame=   135 q= 35.0 f_size=    803 s_size=      584kB time= 5.501 br=   154.2kbits/s avg_br=   869.9kbits/s type= B
out=  0 st=  0 frame=   136 q= 35.0 f_size=    641 s_size=      585kB time= 5.543 br=   123.1kbits/s avg_br=   864.2kbits/s type= B
out=  0 st=  0 frame=   137 q= 35.0 f_size=   6355 s_size=      591kB time= 5.584 br=  1220.2kbits/s avg_br=   867.0kbits/s type= P
out=  0 st=  0 frame=   138 q= 35.0 f_size=    853 s_size=      592kB time= 5.626 br=   163.8kbits/s avg_br=   861.7kbits/s type= B
out=  0 st=  0 frame=   139 q= 35.0 f_size=    696 s_size=      592kB time= 5.668 br=   133.6kbits/s avg_br=   856.3kbits/s type= B
out=  0 st=  0 frame=   140 q= 35.0 f_size=    563 s_size=      593kB time= 5.709 br=   108.1kbits/s avg_br=   851.0kbits/s type= B
out=  0 st=  0 frame=   141 q= 35.0 f_size=   4900 s_size=      598kB time= 5.751 br=   940.8kbits/s avg_br=   851.6kbits/s type= P
out=  0 st=  0 frame=   142 q= 35.0 f_size=   1001 s_size=      599kB time= 5.793 br=   192.2kbits/s avg_br=   846.8kbits/s type= B
out=  0 st=  0 frame=   143 q= 35.0 f_size=    695 s_size=      599kB time= 5.834 br=   133.4kbits/s avg_br=   841.8kbits/s type= B
out=  0 st=  0 frame=   144 q= 35.0 f_size=    653 s_size=      600kB time= 5.876 br=   125.4kbits/s avg_br=   836.7kbits/s type= B
out=  0 st=  0 frame=   145 q= 35.0 f_size=   2780 s_size=      603kB time= 5.918 br=   533.8kbits/s avg_br=   834.5kbits/s type= P
out=  0 st=  0 frame=   146 q= 35.0 f_size=   1996 s_size=      605kB time= 5.959 br=   383.2kbits/s avg_br=   831.4kbits/s type= P
out=  0 st=  0 frame=   147 q= 35.0 f_size=    886 s_size=      606kB time= 6.001 br=   170.1kbits/s avg_br=   826.8kbits/s type= B
out=  0 st=  0 frame=   148 q= 35.0 f_size=    621 s_size=      606kB time= 6.043 br=   119.2kbits/s avg_br=   821.8kbits/s type= B
out=  0 st=  0 frame=   149 q= 35.0 f_size=    471 s_size=      607kB time= 6.084 br=    90.4kbits/s avg_br=   816.9kbits/s type= B
out=  0 st=  0 frame=   150 q= 35.0 f_size=    605 s_size=      607kB time= 6.126 br=   116.2kbits/s avg_br=   812.1kbits/s type= P
out=  0 st=  0 frame=   151 q= 32.0 f_size=    410 s_size=      608kB time= 6.168 br=    78.7kbits/s avg_br=   807.1kbits/s type= P
out=  0 st=  0 frame=   152 q= 35.0 f_size=    191 s_size=      608kB time= 6.209 br=    36.7kbits/s avg_br=   802.0kbits/s type= P
out=  0 st=  0 frame=   153 q= 35.0 f_size= 152748 s_size=      757kB time= 6.251 br= 29327.6kbits/s avg_br=   992.1kbits/s type= I
out=  0 st=  0 frame=   154 q= 35.0 f_size=   5422 s_size=      762kB time= 6.293 br=  1041.0kbits/s avg_br=   992.4kbits/s type= P
out=  0 st=  0 frame=   155 q= 35.0 f_size=   2404 s_size=      765kB time= 6.334 br=   461.6kbits/s avg_br=   989.0kbits/s type= B
out=  0 st=  0 frame=   156 q= 35.0 f_size=   1118 s_size=      766kB time= 6.376 br=   214.7kbits/s avg_br=   983.9kbits/s type= B
out=  0 st=  0 frame=   157 q= 35.0 f_size=   1248 s_size=      767kB time= 6.418 br=   239.6kbits/s avg_br=   979.0kbits/s type= B
out=  0 st=  0 frame=   158 q= 35.0 f_size=   6806 s_size=      774kB time= 6.459 br=  1306.8kbits/s avg_br=   981.2kbits/s type= P
out=  0 st=  0 frame=   159 q= 35.0 f_size=   2946 s_size=      777kB time= 6.501 br=   565.6kbits/s avg_br=   978.5kbits/s type= B
out=  0 st=  0 frame=   160 q= 35.0 f_size=   1362 s_size=      778kB time= 6.543 br=   261.5kbits/s avg_br=   973.9kbits/s type= B
out=  0 st=  0 frame=   161 q= 35.0 f_size=   1300 s_size=      779kB time= 6.584 br=   249.6kbits/s avg_br=   969.4kbits/s type= B
out=  0 st=  0 frame=   162 q= 35.0 f_size=   8885 s_size=      788kB time= 6.626 br=  1705.9kbits/s avg_br=   974.0kbits/s type= P
out=  0 st=  0 frame=   163 q= 35.0 f_size=   2915 s_size=      791kB time= 6.668 br=   559.7kbits/s avg_br=   971.4kbits/s type= B
out=  0 st=  0 frame=   164 q= 35.0 f_size=   1564 s_size=      792kB time= 6.709 br=   300.3kbits/s avg_br=   967.3kbits/s type= B
out=  0 st=  0 frame=   165 q= 35.0 f_size=   1477 s_size=      794kB time= 6.751 br=   283.6kbits/s avg_br=   963.0kbits/s type= B
out=  0 st=  0 frame=   166 q= 35.0 f_size=   8292 s_size=      802kB time= 6.793 br=  1592.1kbits/s avg_br=   966.8kbits/s type= P
out=  0 st=  0 frame=   167 q= 35.0 f_size=   2871 s_size=      805kB time= 6.834 br=   551.2kbits/s avg_br=   964.4kbits/s type= B
out=  0 st=  0 frame=   168 q= 35.0 f_size=   1374 s_size=      806kB time= 6.876 br=   263.8kbits/s avg_br=   960.1kbits/s type= B
out=  0 st=  0 frame=   169 q= 35.0 f_size=   1538 s_size=      807kB time= 6.918 br=   295.3kbits/s avg_br=   956.1kbits/s type= B
out=  0 st=  0 frame=   170 q= 35.0 f_size=   9456 s_size=      817kB time= 6.959 br=  1815.6kbits/s avg_br=   961.3kbits/s type= P
out=  0 st=  0 frame=   171 q= 35.0 f_size=   2890 s_size=      819kB time= 7.001 br=   554.9kbits/s avg_br=   958.8kbits/s type= B
out=  0 st=  0 frame=   172 q= 35.0 f_size=   1306 s_size=      821kB time= 7.043 br=   250.8kbits/s avg_br=   954.6kbits/s type= B
out=  0 st=  0 frame=   173 q= 35.0 f_size=   1443 s_size=      822kB time= 7.084 br=   277.1kbits/s avg_br=   950.7kbits/s type= B
out=  0 st=  0 frame=   174 q= 35.0 f_size=   8662 s_size=      831kB time= 7.126 br=  1663.1kbits/s avg_br=   954.8kbits/s type= P
out=  0 st=  0 frame=   175 q= 35.0 f_size=   2693 s_size=      833kB time= 7.168 br=   517.1kbits/s avg_br=   952.2kbits/s type= B
out=  0 st=  0 frame=   176 q= 35.0 f_size=   1290 s_size=      834kB time= 7.209 br=   247.7kbits/s avg_br=   948.2kbits/s type= B
out=  0 st=  0 frame=   177 q= 35.0 f_size=   1415 s_size=      836kB time= 7.251 br=   271.7kbits/s avg_br=   944.3kbits/s type= B
out=  0 st=  0 frame=   178 q= 35.0 f_size=   9519 s_size=      845kB time= 7.293 br=  1827.6kbits/s avg_br=   949.3kbits/s type= P
out=  0 st=  0 frame=   179 q= 35.0 f_size=   3118 s_size=      848kB time= 7.334 br=   598.7kbits/s avg_br=   947.4kbits/s type= B
out=  0 st=  0 frame=   180 q= 35.0 f_size=   1518 s_size=      850kB time= 7.376 br=   291.5kbits/s avg_br=   943.7kbits/s type= B
out=  0 st=  0 frame=   181 q= 35.0 f_size=   1394 s_size=      851kB time= 7.418 br=   267.6kbits/s avg_br=   939.8kbits/s type= B
out=  0 st=  0 frame=   182 q= 35.0 f_size=   9761 s_size=      861kB time= 7.459 br=  1874.1kbits/s avg_br=   945.1kbits/s type= P
out=  0 st=  0 frame=   183 q= 35.0 f_size=   2774 s_size=      863kB time= 7.501 br=   532.6kbits/s avg_br=   942.8kbits/s type= B
out=  0 st=  0 frame=   184 q= 35.0 f_size=   1598 s_size=      865kB time= 7.543 br=   306.8kbits/s avg_br=   939.2kbits/s type= B
out=  0 st=  0 frame=   185 q= 35.0 f_size=   1419 s_size=      866kB time= 7.584 br=   272.4kbits/s avg_br=   935.7kbits/s type= B
out=  0 st=  0 frame=   186 q= 35.0 f_size=  10695 s_size=      877kB time= 7.626 br=  2053.4kbits/s avg_br=   941.7kbits/s type= P
out=  0 st=  0 frame=   187 q= 35.0 f_size=   3047 s_size=      880kB time= 7.668 br=   585.0kbits/s avg_br=   939.7kbits/s type= B
out=  0 st=  0 frame=   188 q= 35.0 f_size=   1508 s_size=      881kB time= 7.709 br=   289.5kbits/s avg_br=   936.3kbits/s type= B
out=  0 st=  0 frame=   189 q= 35.0 f_size=   1416 s_size=      882kB time= 7.751 br=   271.9kbits/s avg_br=   932.7kbits/s type= B
out=  0 st=  0 frame=   190 q= 35.0 f_size=   9865 s_size=      892kB time= 7.793 br=  1894.1kbits/s avg_br=   937.8kbits/s type= P
out=  0 st=  0 frame=   191 q= 35.0 f_size=   2960 s_size=      895kB time= 7.834 br=   568.3kbits/s avg_br=   935.9kbits/s type= B
out=  0 st=  0 frame=   192 q= 35.0 f_size=   1299 s_size=      896kB time= 7.876 br=   249.4kbits/s avg_br=   932.2kbits/s type= B
out=  0 st=  0 frame=   193 q= 35.0 f_size=   1523 s_size=      898kB time= 7.918 br=   292.4kbits/s avg_br=   928.8kbits/s type= B
out=  0 st=  0 frame=   194 q= 35.0 f_size=  11985 s_size=      909kB time= 7.959 br=  2301.1kbits/s avg_br=   936.1kbits/s type= P
out=  0 st=  0 frame=   195 q= 35.0 f_size=   2855 s_size=      912kB time= 8.001 br=   548.2kbits/s avg_br=   934.0kbits/s type= B
out=  0 st=  0 frame=   196 q= 35.0 f_size=   1602 s_size=      914kB time= 8.043 br=   307.6kbits/s avg_br=   930.8kbits/s type= B
out=  0 st=  0 frame=   197 q= 35.0 f_size=   1429 s_size=      915kB time= 8.084 br=   274.4kbits/s avg_br=   927.5kbits/s type= B
out=  0 st=  0 frame=   198 q= 35.0 f_size=   9618 s_size=      925kB time= 8.126 br=  1846.7kbits/s avg_br=   932.1kbits/s type= P
out=  0 st=  0 frame=   199 q= 35.0 f_size=   2745 s_size=      927kB time= 8.168 br=   527.0kbits/s avg_br=   930.0kbits/s type= B
out=  0 st=  0 frame=   200 q= 35.0 f_size=   1346 s_size=      929kB time= 8.209 br=   258.4kbits/s avg_br=   926.7kbits/s type= B
out=  0 st=  0 frame=   201 q= 35.0 f_size=   1384 s_size=      930kB time= 8.251 br=   265.7kbits/s avg_br=   923.3kbits/s type= B
out=  0 st=  0 frame=   202 q= 35.0 f_size=  11021 s_size=      941kB time= 8.293 br=  2116.0kbits/s avg_br=   929.3kbits/s type= P
out=  0 st=  0 frame=   203 q= 35.0 f_size=   3023 s_size=      944kB time= 8.334 br=   580.4kbits/s avg_br=   927.6kbits/s type= B
out=  0 st=  0 frame=   204 q= 35.0 f_size=   1477 s_size=      945kB time= 8.376 br=   283.6kbits/s avg_br=   924.4kbits/s type= B
out=  0 st=  0 frame=   205 q= 35.0 f_size=   1387 s_size=      946kB time= 8.418 br=   266.3kbits/s avg_br=   921.1kbits/s type= B
out=  0 st=  0 frame=   206 q= 35.0 f_size=  11136 s_size=      957kB time= 8.459 br=  2138.1kbits/s avg_br=   927.1kbits/s type= P
out=  0 st=  0 frame=   207 q= 35.0 f_size=   2733 s_size=      960kB time= 8.501 br=   524.7kbits/s avg_br=   925.1kbits/s type= B
out=  0 st=  0 frame=   208 q= 35.0 f_size=   1549 s_size=      962kB time= 8.543 br=   297.4kbits/s avg_br=   922.0kbits/s type= B
out=  0 st=  0 frame=   209 q= 35.0 f_size=   1316 s_size=      963kB time= 8.584 br=   252.7kbits/s avg_br=   918.8kbits/s type= B
out=  0 st=  0 frame=   210 q= 35.0 f_size=   9725 s_size=      972kB time= 8.626 br=  1867.2kbits/s avg_br=   923.4kbits/s type= P
out=  0 st=  0 frame=   211 q= 35.0 f_size=   2707 s_size=      975kB time= 8.668 br=   519.7kbits/s avg_br=   921.4kbits/s type= B
out=  0 st=  0 frame=   212 q= 35.0 f_size=   1322 s_size=      976kB time= 8.709 br=   253.8kbits/s avg_br=   918.3kbits/s type= B
out=  0 st=  0 frame=   213 q= 35.0 f_size=   1460 s_size=      978kB time= 8.751 br=   280.3kbits/s avg_br=   915.2kbits/s type= B
out=  0 st=  0 frame=   214 q= 35.0 f_size=  10323 s_size=      988kB time= 8.793 br=  1982.0kbits/s avg_br=   920.2kbits/s type= P
out=  0 st=  0 frame=   215 q= 35.0 f_size=   2854 s_size=      991kB time= 8.834 br=   548.0kbits/s avg_br=   918.6kbits/s type= B
out=  0 st=  0 frame=   216 q= 35.0 f_size=   1371 s_size=      992kB time= 8.876 br=   263.2kbits/s avg_br=   915.4kbits/s type= B
out=  0 st=  0 frame=   217 q= 35.0 f_size=   1523 s_size=      993kB time= 8.918 br=   292.4kbits/s avg_br=   912.5kbits/s type= B
out=  0 st=  0 frame=   218 q= 35.0 f_size=   8701 s_size=     1002kB time= 8.959 br=  1670.6kbits/s avg_br=   916.1kbits/s type= P
out=  0 st=  0 frame=   219 q= 35.0 f_size=   2736 s_size=     1005kB time= 9.001 br=   525.3kbits/s avg_br=   914.3kbits/s type= B
out=  0 st=  0 frame=   220 q= 35.0 f_size=   1419 s_size=     1006kB time= 9.043 br=   272.4kbits/s avg_br=   911.3kbits/s type= B
out=  0 st=  0 frame=   221 q= 35.0 f_size=   1518 s_size=     1007kB time= 9.084 br=   291.5kbits/s avg_br=   908.5kbits/s type= B
out=  0 st=  0 frame=   222 q= 35.0 f_size=   8589 s_size=     1016kB time= 9.126 br=  1649.1kbits/s avg_br=   911.8kbits/s type= P
out=  0 st=  0 frame=   223 q= 35.0 f_size=   3072 s_size=     1019kB time= 9.168 br=   589.8kbits/s avg_br=   910.3kbits/s type= B
out=  0 st=  0 frame=   224 q= 35.0 f_size=   1558 s_size=     1020kB time= 9.209 br=   299.1kbits/s avg_br=   907.6kbits/s type= B
out=  0 st=  0 frame=   225 q= 35.0 f_size=   1464 s_size=     1022kB time= 9.251 br=   281.1kbits/s avg_br=   904.8kbits/s type= B
out=  0 st=  0 frame=   226 q= 35.0 f_size=   8618 s_size=     1030kB time= 9.293 br=  1654.7kbits/s avg_br=   908.1kbits/s type= P
out=  0 st=  0 frame=   227 q= 35.0 f_size=   2997 s_size=     1033kB time= 9.334 br=   575.4kbits/s avg_br=   906.7kbits/s type= B
out=  0 st=  0 frame=   228 q= 35.0 f_size=   1579 s_size=     1035kB time= 9.376 br=   303.2kbits/s avg_br=   904.0kbits/s type= B
out=  0 st=  0 frame=   229 q= 35.0 f_size=   1577 s_size=     1036kB time= 9.418 br=   302.8kbits/s avg_br=   901.3kbits/s type= B
out=  0 st=  0 frame=   230 q= 35.0 f_size=   7232 s_size=     1043kB time= 9.459 br=  1388.5kbits/s avg_br=   903.5kbits/s type= P
out=  0 st=  0 frame=   231 q= 35.0 f_size=   3137 s_size=     1046kB time= 9.501 br=   602.3kbits/s avg_br=   902.1kbits/s type= B
out=  0 st=  0 frame=   232 q= 35.0 f_size=   1561 s_size=     1048kB time= 9.543 br=   299.7kbits/s avg_br=   899.5kbits/s type= B
out=  0 st=  0 frame=   233 q= 35.0 f_size=   1642 s_size=     1049kB time= 9.584 br=   315.3kbits/s avg_br=   897.0kbits/s type= B
out=  0 st=  0 frame=   234 q= 35.0 f_size=   6575 s_size=     1056kB time= 9.626 br=  1262.4kbits/s avg_br=   898.6kbits/s type= P
out=  0 st=  0 frame=   235 q= 35.0 f_size=   3314 s_size=     1059kB time= 9.668 br=   636.3kbits/s avg_br=   897.4kbits/s type= B
out=  0 st=  0 frame=   236 q= 35.0 f_size=   1532 s_size=     1061kB time= 9.709 br=   294.1kbits/s avg_br=   894.9kbits/s type= B
out=  0 st=  0 frame=   237 q= 35.0 f_size=   1556 s_size=     1062kB time= 9.751 br=   298.8kbits/s avg_br=   892.3kbits/s type= B
out=  0 st=  0 frame=   238 q= 35.0 f_size=   5200 s_size=     1067kB time= 9.793 br=   998.4kbits/s avg_br=   892.7kbits/s type= P
out=  0 st=  0 frame=   239 q= 35.0 f_size=   3171 s_size=     1070kB time= 9.834 br=   608.8kbits/s avg_br=   891.6kbits/s type= B
out=  0 st=  0 frame=   240 q= 35.0 f_size=   1721 s_size=     1072kB time= 9.876 br=   330.4kbits/s avg_br=   889.2kbits/s type= B
out=  0 st=  0 frame=   241 q= 35.0 f_size=   1474 s_size=     1073kB time= 9.918 br=   283.0kbits/s avg_br=   886.6kbits/s type= B
out=  0 st=  0 frame=   242 q= 35.0 f_size=   3163 s_size=     1076kB time= 9.959 br=   607.3kbits/s avg_br=   885.5kbits/s type= P
out=  0 st=  0 frame=   243 q= 32.0 f_size=   1806 s_size=     1078kB time= 10.001 br=   346.8kbits/s avg_br=   883.2kbits/s type= B
out=  0 st=  0 frame=   244 q= 35.0 f_size=   1870 s_size=     1080kB time= 10.043 br=   359.0kbits/s avg_br=   881.0kbits/s type= B
out=  0 st=  0 frame=   245 q= 35.0 f_size=  52247 s_size=     1131kB time= 10.084 br= 10031.4kbits/s avg_br=   918.9kbits/s type= I
out=  0 st=  0 frame=   246 q= 35.0 f_size=    863 s_size=     1132kB time= 10.126 br=   165.7kbits/s avg_br=   915.7kbits/s type= P
out=  0 st=  0 frame=   247 q= 35.0 f_size=    201 s_size=     1132kB time= 10.168 br=    38.6kbits/s avg_br=   912.1kbits/s type= B
out=  0 st=  0 frame=   248 q= 35.0 f_size=     96 s_size=     1132kB time= 10.209 br=    18.4kbits/s avg_br=   908.5kbits/s type= B
out=  0 st=  0 frame=   249 q= 35.0 f_size=    108 s_size=     1132kB time= 10.251 br=    20.7kbits/s avg_br=   904.9kbits/s type= B
out=  0 st=  0 frame=   250 q= 35.0 f_size=   1838 s_size=     1134kB time= 10.293 br=   352.9kbits/s avg_br=   902.6kbits/s type= P
out=  0 st=  0 frame=   251 q= 35.0 f_size=    461 s_size=     1135kB time= 10.334 br=    88.5kbits/s avg_br=   899.4kbits/s type= B
out=  0 st=  0 frame=   252 q= 35.0 f_size=    142 s_size=     1135kB time= 10.376 br=    27.3kbits/s avg_br=   895.9kbits/s type= B
out=  0 st=  0 frame=   253 q= 35.0 f_size=    162 s_size=     1135kB time= 10.418 br=    31.1kbits/s avg_br=   892.4kbits/s type= B
out=  0 st=  0 frame=   254 q= 35.0 f_size=   4040 s_size=     1139kB time= 10.459 br=   775.7kbits/s avg_br=   892.0kbits/s type= P
out=  0 st=  0 frame=   255 q= 35.0 f_size=   1715 s_size=     1140kB time= 10.501 br=   329.3kbits/s avg_br=   889.7kbits/s type= B
out=  0 st=  0 frame=   256 q= 35.0 f_size=   1070 s_size=     1142kB time= 10.543 br=   205.4kbits/s avg_br=   887.0kbits/s type= B
out=  0 st=  0 frame=   257 q= 35.0 f_size=    859 s_size=     1142kB time= 10.584 br=   164.9kbits/s avg_br=   884.2kbits/s type= B
out=  0 st=  0 frame=   258 q= 35.0 f_size=   8185 s_size=     1150kB time= 10.626 br=  1571.5kbits/s avg_br=   886.9kbits/s type= P
out=  0 st=  0 frame=   259 q= 35.0 f_size=   2565 s_size=     1153kB time= 10.668 br=   492.5kbits/s avg_br=   885.3kbits/s type= B
out=  0 st=  0 frame=   260 q= 35.0 f_size=   1213 s_size=     1154kB time= 10.709 br=   232.9kbits/s avg_br=   882.8kbits/s type= B
out=  0 st=  0 frame=   261 q= 35.0 f_size=   1541 s_size=     1156kB time= 10.751 br=   295.9kbits/s avg_br=   880.5kbits/s type= B
out=  0 st=  0 frame=   262 q= 35.0 f_size=   7311 s_size=     1163kB time= 10.793 br=  1403.7kbits/s avg_br=   882.5kbits/s type= P
out=  0 st=  0 frame=   263 q= 35.0 f_size=   1154 s_size=     1164kB time= 10.834 br=   221.6kbits/s avg_br=   880.0kbits/s type= B
out=  0 st=  0 frame=   264 q= 35.0 f_size=    718 s_size=     1165kB time= 10.876 br=   137.9kbits/s avg_br=   877.1kbits/s type= B
out=  0 st=  0 frame=   265 q= 35.0 f_size=    558 s_size=     1165kB time= 10.918 br=   107.1kbits/s avg_br=   874.2kbits/s type= B
out=  0 st=  0 frame=   266 q= 35.0 f_size=   2201 s_size=     1167kB time= 10.959 br=   422.6kbits/s avg_br=   872.5kbits/s type= P
out=  0 st=  0 frame=   267 q= 35.0 f_size=    651 s_size=     1168kB time= 11.001 br=   125.0kbits/s avg_br=   869.7kbits/s type= B
out=  0 st=  0 frame=   268 q= 35.0 f_size=    387 s_size=     1168kB time= 11.043 br=    74.3kbits/s avg_br=   866.6kbits/s type= B
out=  0 st=  0 frame=   269 q= 35.0 f_size=    352 s_size=     1169kB time= 11.084 br=    67.6kbits/s avg_br=   863.7kbits/s type= B
out=  0 st=  0 frame=   270 q= 35.0 f_size=   2869 s_size=     1171kB time= 11.126 br=   550.8kbits/s avg_br=   862.5kbits/s type= P
out=  0 st=  0 frame=   271 q= 35.0 f_size=    785 s_size=     1172kB time= 11.168 br=   150.7kbits/s avg_br=   859.8kbits/s type= B
out=  0 st=  0 frame=   272 q= 35.0 f_size=    375 s_size=     1173kB time= 11.209 br=    72.0kbits/s avg_br=   856.9kbits/s type= B
out=  0 st=  0 frame=   273 q= 35.0 f_size=    419 s_size=     1173kB time= 11.251 br=    80.4kbits/s avg_br=   854.0kbits/s type= B
out=  0 st=  0 frame=   274 q= 35.0 f_size=   2493 s_size=     1175kB time= 11.293 br=   478.7kbits/s avg_br=   852.6kbits/s type= P
out=  0 st=  0 frame=   275 q= 35.0 f_size=    619 s_size=     1176kB time= 11.334 br=   118.8kbits/s avg_br=   850.0kbits/s type= B
out=  0 st=  0 frame=   276 q= 35.0 f_size=    344 s_size=     1176kB time= 11.376 br=    66.0kbits/s avg_br=   847.1kbits/s type= B
out=  0 st=  0 frame=   277 q= 35.0 f_size=    343 s_size=     1177kB time= 11.418 br=    65.9kbits/s avg_br=   844.2kbits/s type= B
out=  0 st=  0 frame=   278 q= 35.0 f_size=   1671 s_size=     1178kB time= 11.459 br=   320.8kbits/s avg_br=   842.3kbits/s type= P
out=  0 st=  0 frame=   279 q= 35.0 f_size=    547 s_size=     1179kB time= 11.501 br=   105.0kbits/s avg_br=   839.6kbits/s type= B
out=  0 st=  0 frame=   280 q= 35.0 f_size=    314 s_size=     1179kB time= 11.543 br=    60.3kbits/s avg_br=   836.8kbits/s type= B
out=  0 st=  0 frame=   281 q= 35.0 f_size=    314 s_size=     1179kB time= 11.584 br=    60.3kbits/s avg_br=   834.1kbits/s type= B
out=  0 st=  0 frame=   282 q= 35.0 f_size=   5198 s_size=     1184kB time= 11.626 br=   998.0kbits/s avg_br=   834.6kbits/s type= P
out=  0 st=  0 frame=   283 q= 35.0 f_size=   1653 s_size=     1186kB time= 11.668 br=   317.4kbits/s avg_br=   832.8kbits/s type= B
out=  0 st=  0 frame=   284 q= 35.0 f_size=    368 s_size=     1186kB time= 11.709 br=    70.7kbits/s avg_br=   830.1kbits/s type= B
out=  0 st=  0 frame=   285 q= 35.0 f_size=    958 s_size=     1187kB time= 11.751 br=   183.9kbits/s avg_br=   827.8kbits/s type= B
out=  0 st=  0 frame=   286 q= 35.0 f_size=   5513 s_size=     1193kB time= 11.793 br=  1058.5kbits/s avg_br=   828.6kbits/s type= P
out=  0 st=  0 frame=   287 q= 35.0 f_size=   1882 s_size=     1195kB time= 11.834 br=   361.3kbits/s avg_br=   827.0kbits/s type= B
out=  0 st=  0 frame=   288 q= 35.0 f_size=    779 s_size=     1195kB time= 11.876 br=   149.6kbits/s avg_br=   824.6kbits/s type= B
out=  0 st=  0 frame=   289 q= 35.0 f_size=   1431 s_size=     1197kB time= 11.918 br=   274.8kbits/s avg_br=   822.6kbits/s type= B
out=  0 st=  0 frame=   290 q= 35.0 f_size=   5747 s_size=     1202kB time= 11.959 br=  1103.4kbits/s avg_br=   823.6kbits/s type= P
out=  0 st=  0 frame=   291 q= 35.0 f_size=   1996 s_size=     1204kB time= 12.001 br=   383.2kbits/s avg_br=   822.1kbits/s type= B
out=  0 st=  0 frame=   292 q= 35.0 f_size=   1181 s_size=     1205kB time= 12.043 br=   226.8kbits/s avg_br=   820.0kbits/s type= B
out=  0 st=  0 frame=   293 q= 35.0 f_size=   1027 s_size=     1206kB time= 12.084 br=   197.2kbits/s avg_br=   817.9kbits/s type= B
out=  0 st=  0 frame=   294 q= 35.0 f_size=   2945 s_size=     1209kB time= 12.126 br=   565.4kbits/s avg_br=   817.0kbits/s type= P
out=  0 st=  0 frame=   295 q= 35.0 f_size=   1456 s_size=     1211kB time= 12.168 br=   279.6kbits/s avg_br=   815.2kbits/s type= B
out=  0 st=  0 frame=   296 q= 35.0 f_size=    738 s_size=     1212kB time= 12.209 br=   141.7kbits/s avg_br=   812.9kbits/s type= B
out=  0 st=  0 frame=   297 q= 35.0 f_size=    653 s_size=     1212kB time= 12.251 br=   125.4kbits/s avg_br=   810.5kbits/s type= B
out=  0 st=  0 frame=   298 q= 35.0 f_size=   4790 s_size=     1217kB time= 12.293 br=   919.7kbits/s avg_br=   810.9kbits/s type= P
out=  0 st=  0 frame=   299 q= 35.0 f_size=   1140 s_size=     1218kB time= 12.334 br=   218.9kbits/s avg_br=   808.9kbits/s type= B
out=  0 st=  0 frame=   300 q= 35.0 f_size=   2054 s_size=     1220kB time= 12.376 br=   394.4kbits/s avg_br=   807.5kbits/s type= B
out=  0 st=  0 frame=   301 q= 35.0 f_size=   7228 s_size=     1227kB time= 12.418 br=  1387.8kbits/s avg_br=   809.4kbits/s type= P
out=  0 st=  0 frame=   302 q= 35.0 f_size=   2495 s_size=     1229kB time= 12.459 br=   479.0kbits/s avg_br=   808.4kbits/s type= B
out=  0 st=  0 frame=   303 q= 35.0 f_size=   6254 s_size=     1236kB time= 12.501 br=  1200.8kbits/s avg_br=   809.7kbits/s type= P
out=  0 st=  0 frame=   304 q= 35.0 f_size=   1103 s_size=     1237kB time= 12.543 br=   211.8kbits/s avg_br=   807.7kbits/s type= B
out=  0 st=  0 frame=   305 q= 35.0 f_size=    558 s_size=     1237kB time= 12.584 br=   107.1kbits/s avg_br=   805.4kbits/s type= B
out=  0 st=  0 frame=   306 q= 35.0 f_size=    429 s_size=     1238kB time= 12.626 br=    82.4kbits/s avg_br=   803.0kbits/s type= B
out=  0 st=  0 frame=   307 q= 35.0 f_size=   2635 s_size=     1240kB time= 12.668 br=   505.9kbits/s avg_br=   802.0kbits/s type= P
out=  0 st=  0 frame=   308 q= 35.0 f_size=    708 s_size=     1241kB time= 12.709 br=   135.9kbits/s avg_br=   799.8kbits/s type= B
out=  0 st=  0 frame=   309 q= 35.0 f_size=    377 s_size=     1241kB time= 12.751 br=    72.4kbits/s avg_br=   797.4kbits/s type= B
out=  0 st=  0 frame=   310 q= 35.0 f_size=    319 s_size=     1242kB time= 12.793 br=    61.2kbits/s avg_br=   795.0kbits/s type= B
out=  0 st=  0 frame=   311 q= 35.0 f_size=   4170 s_size=     1246kB time= 12.834 br=   800.6kbits/s avg_br=   795.1kbits/s type= P
out=  0 st=  0 frame=   312 q= 35.0 f_size=    952 s_size=     1247kB time= 12.876 br=   182.8kbits/s avg_br=   793.1kbits/s type= B
out=  0 st=  0 frame=   313 q= 35.0 f_size=    585 s_size=     1247kB time= 12.918 br=   112.3kbits/s avg_br=   790.9kbits/s type= B
out=  0 st=  0 frame=   314 q= 35.0 f_size=    478 s_size=     1248kB time= 12.959 br=    91.8kbits/s avg_br=   788.7kbits/s type= B
out=  0 st=  0 frame=   315 q= 35.0 f_size=   2755 s_size=     1250kB time= 13.001 br=   529.0kbits/s avg_br=   787.8kbits/s type= P
out=  0 st=  0 frame=   316 q= 35.0 f_size=    648 s_size=     1251kB time= 13.043 br=   124.4kbits/s avg_br=   785.7kbits/s type= B
out=  0 st=  0 frame=   317 q= 35.0 f_size=    377 s_size=     1251kB time= 13.084 br=    72.4kbits/s avg_br=   783.4kbits/s type= B
out=  0 st=  0 frame=   318 q= 35.0 f_size=    325 s_size=     1252kB time= 13.126 br=    62.4kbits/s avg_br=   781.1kbits/s type= B
out=  0 st=  0 frame=   319 q= 35.0 f_size=   2490 s_size=     1254kB time= 13.168 br=   478.1kbits/s avg_br=   780.1kbits/s type= P
out=  0 st=  0 frame=   320 q= 35.0 f_size=    525 s_size=     1255kB time= 13.209 br=   100.8kbits/s avg_br=   778.0kbits/s type= B
out=  0 st=  0 frame=   321 q= 35.0 f_size=    291 s_size=     1255kB time= 13.251 br=    55.9kbits/s avg_br=   775.8kbits/s type= B
out=  0 st=  0 frame=   322 q= 35.0 f_size=    376 s_size=     1255kB time= 13.293 br=    72.2kbits/s avg_br=   773.5kbits/s type= B
out=  0 st=  0 frame=   323 q= 35.0 f_size=   2529 s_size=     1258kB time= 13.334 br=   485.6kbits/s avg_br=   772.7kbits/s type= P
out=  0 st=  0 frame=   324 q= 35.0 f_size=    495 s_size=     1258kB time= 13.376 br=    95.0kbits/s avg_br=   770.5kbits/s type= B
out=  0 st=  0 frame=   325 q= 35.0 f_size=    365 s_size=     1258kB time= 13.418 br=    70.1kbits/s avg_br=   768.3kbits/s type= B
out=  0 st=  0 frame=   326 q= 35.0 f_size=    205 s_size=     1259kB time= 13.459 br=    39.4kbits/s avg_br=   766.1kbits/s type= B
out=  0 st=  0 frame=   327 q= 35.0 f_size=   1149 s_size=     1260kB time= 13.501 br=   220.6kbits/s avg_br=   764.4kbits/s type= P
out=  0 st=  0 frame=   328 q= 35.0 f_size=    320 s_size=     1260kB time= 13.543 br=    61.4kbits/s avg_br=   762.2kbits/s type= B
out=  0 st=  0 frame=   329 q= 35.0 f_size=    186 s_size=     1260kB time= 13.584 br=    35.7kbits/s avg_br=   760.0kbits/s type= B
out=  0 st=  0 frame=   330 q= 35.0 f_size=    235 s_size=     1261kB time= 13.626 br=    45.1kbits/s avg_br=   757.8kbits/s type= B
out=  0 st=  0 frame=   331 q= 35.0 f_size=   1224 s_size=     1262kB time= 13.668 br=   235.0kbits/s avg_br=   756.2kbits/s type= P
out=  0 st=  0 frame=   332 q= 35.0 f_size=    478 s_size=     1262kB time= 13.709 br=    91.8kbits/s avg_br=   754.2kbits/s type= B
out=  0 st=  0 frame=   333 q= 35.0 f_size=    262 s_size=     1262kB time= 13.751 br=    50.3kbits/s avg_br=   752.1kbits/s type= B
out=  0 st=  0 frame=   334 q= 35.0 f_size=    214 s_size=     1263kB time= 13.793 br=    41.1kbits/s avg_br=   749.9kbits/s type= B
out=  0 st=  0 frame=   335 q= 35.0 f_size=   1636 s_size=     1264kB time= 13.834 br=   314.1kbits/s avg_br=   748.7kbits/s type= P
out=  0 st=  0 frame=   336 q= 35.0 f_size=    515 s_size=     1265kB time= 13.876 br=    98.9kbits/s avg_br=   746.7kbits/s type= B
out=  0 st=  0 frame=   337 q= 35.0 f_size=    367 s_size=     1265kB time= 13.918 br=    70.5kbits/s avg_br=   744.6kbits/s type= B
out=  0 st=  0 frame=   338 q= 35.0 f_size=    226 s_size=     1265kB time= 13.959 br=    43.4kbits/s avg_br=   742.6kbits/s type= B
out=  0 st=  0 frame=   339 q= 35.0 f_size=   1324 s_size=     1267kB time= 14.001 br=   254.2kbits/s avg_br=   741.1kbits/s type= P
out=  0 st=  0 frame=   340 q= 35.0 f_size=    656 s_size=     1267kB time= 14.043 br=   126.0kbits/s avg_br=   739.3kbits/s type= B
out=  0 st=  0 frame=   341 q= 35.0 f_size=    318 s_size=     1268kB time= 14.084 br=    61.1kbits/s avg_br=   737.3kbits/s type= B
out=  0 st=  0 frame=   342 q= 35.0 f_size=    304 s_size=     1268kB time= 14.126 br=    58.4kbits/s avg_br=   735.3kbits/s type= B
out=  0 st=  0 frame=   343 q= 35.0 f_size=   5386 s_size=     1273kB time= 14.168 br=  1034.1kbits/s avg_br=   736.1kbits/s type= P
out=  0 st=  0 frame=   344 q= 35.0 f_size=    904 s_size=     1274kB time= 14.209 br=   173.6kbits/s avg_br=   734.5kbits/s type= B
out=  0 st=  0 frame=   345 q= 35.0 f_size=   1712 s_size=     1276kB time= 14.251 br=   328.7kbits/s avg_br=   733.3kbits/s type= B
out=  0 st=  0 frame=   346 q= 35.0 f_size=   5752 s_size=     1281kB time= 14.293 br=  1104.4kbits/s avg_br=   734.4kbits/s type= P
out=  0 st=  0 frame=   347 q= 35.0 f_size=   2827 s_size=     1284kB time= 14.334 br=   542.8kbits/s avg_br=   733.9kbits/s type= B
out=  0 st=  0 frame=   348 q= 35.0 f_size=   1495 s_size=     1286kB time= 14.376 br=   287.0kbits/s avg_br=   732.6kbits/s type= B
out=  0 st=  0 frame=   349 q= 35.0 f_size=   2336 s_size=     1288kB time= 14.418 br=   448.5kbits/s avg_br=   731.7kbits/s type= P
out=  0 st=  0 frame=   350 q= 35.0 f_size=   1349 s_size=     1289kB time= 14.459 br=   259.0kbits/s avg_br=   730.4kbits/s type= B
out=  0 st=  0 frame=   351 q= 35.0 f_size=   2499 s_size=     1292kB time= 14.501 br=   479.8kbits/s avg_br=   729.6kbits/s type= P
out=  0 st=  0 frame=   352 q= 35.0 f_size=   1577 s_size=     1293kB time= 14.543 br=   302.8kbits/s avg_br=   728.4kbits/s type= B
out=  0 st=  0 frame=   353 q= 35.0 f_size=   3776 s_size=     1297kB time= 14.584 br=   725.0kbits/s avg_br=   728.4kbits/s type= P
out=  0 st=  0 frame=   354 q= 35.0 f_size=   1925 s_size=     1299kB time= 14.626 br=   369.6kbits/s avg_br=   727.4kbits/s type= B
out=  0 st=  0 frame=   355 q= 35.0 f_size=   1280 s_size=     1300kB time= 14.668 br=   245.8kbits/s avg_br=   726.0kbits/s type= B
out=  0 st=  0 frame=   356 q= 35.0 f_size=   1870 s_size=     1302kB time= 14.709 br=   359.0kbits/s avg_br=   725.0kbits/s type= B
out=  0 st=  0 frame=   357 q= 35.0 f_size=  11237 s_size=     1313kB time= 14.751 br=  2157.5kbits/s avg_br=   729.0kbits/s type= P
out=  0 st=  0 frame=   358 q= 35.0 f_size=   4127 s_size=     1317kB time= 14.793 br=   792.4kbits/s avg_br=   729.2kbits/s type= B
out=  0 st=  0 frame=   359 q= 35.0 f_size=   3140 s_size=     1320kB time= 14.834 br=   602.9kbits/s avg_br=   728.9kbits/s type= B
out=  0 st=  0 frame=   360 q= 35.0 f_size=   2712 s_size=     1322kB time= 14.876 br=   520.7kbits/s avg_br=   728.3kbits/s type= B
out=  0 st=  0 frame=   361 q= 35.0 f_size=   9497 s_size=     1332kB time= 14.918 br=  1823.4kbits/s avg_br=   731.3kbits/s type= P
out=  0 st=  0 frame=   362 q= 35.0 f_size=   4122 s_size=     1336kB time= 14.959 br=   791.4kbits/s avg_br=   731.5kbits/s type= B
out=  0 st=  0 frame=   363 q= 35.0 f_size=   2409 s_size=     1338kB time= 15.001 br=   462.5kbits/s avg_br=   730.8kbits/s type= B
out=  0 st=  0 frame=   364 q= 35.0 f_size=   1993 s_size=     1340kB time= 15.043 br=   382.7kbits/s avg_br=   729.8kbits/s type= B
out=  0 st=  0 frame=   365 q= 35.0 f_size=   6363 s_size=     1346kB time= 15.084 br=  1221.7kbits/s avg_br=   731.2kbits/s type= P
out=  0 st=  0 frame=   366 q= 35.0 f_size=   3354 s_size=     1350kB time= 15.126 br=   644.0kbits/s avg_br=   730.9kbits/s type= B
out=  0 st=  0 frame=   367 q= 35.0 f_size=   2356 s_size=     1352kB time= 15.168 br=   452.4kbits/s avg_br=   730.1kbits/s type= B
out=  0 st=  0 frame=   368 q= 35.0 f_size=   4775 s_size=     1357kB time= 15.209 br=   916.8kbits/s avg_br=   730.7kbits/s type= P
out=  0 st=  0 frame=   369 q= 35.0 f_size=   3329 s_size=     1360kB time= 15.251 br=   639.2kbits/s avg_br=   730.4kbits/s type= P
out=  0 st=  0 frame=   370 q= 35.0 f_size=   2461 s_size=     1362kB time= 15.293 br=   472.5kbits/s avg_br=   729.7kbits/s type= P
out=  0 st=  0 frame=   371 q= 35.0 f_size=    506 s_size=     1363kB time= 15.334 br=    97.2kbits/s avg_br=   728.0kbits/s type= B
out=  0 st=  0 frame=   372 q= 35.0 f_size=    392 s_size=     1363kB time= 15.376 br=    75.3kbits/s avg_br=   726.2kbits/s type= B
out=  0 st=  0 frame=   373 q= 35.0 f_size=    314 s_size=     1363kB time= 15.418 br=    60.3kbits/s avg_br=   724.4kbits/s type= B
out=  0 st=  0 frame=   374 q= 35.0 f_size=   1566 s_size=     1365kB time= 15.459 br=   300.7kbits/s avg_br=   723.3kbits/s type= P
out=  0 st=  0 frame=   375 q= 35.0 f_size=    396 s_size=     1365kB time= 15.501 br=    76.0kbits/s avg_br=   721.5kbits/s type= B
out=  0 st=  0 frame=   376 q= 35.0 f_size=    213 s_size=     1365kB time= 15.543 br=    40.9kbits/s avg_br=   719.7kbits/s type= B
out=  0 st=  0 frame=   377 q= 35.0 f_size=    155 s_size=     1366kB time= 15.584 br=    29.8kbits/s avg_br=   717.9kbits/s type= B
out=  0 st=  0 frame=   378 q= 35.0 f_size=   1538 s_size=     1367kB time= 15.626 br=   295.3kbits/s avg_br=   716.7kbits/s type= P
out=  0 st=  0 frame=   379 q= 35.0 f_size=    444 s_size=     1368kB time= 15.668 br=    85.2kbits/s avg_br=   715.0kbits/s type= B
out=  0 st=  0 frame=   380 q= 35.0 f_size=    179 s_size=     1368kB time= 15.709 br=    34.4kbits/s avg_br=   713.3kbits/s type= B
out=  0 st=  0 frame=   381 q= 35.0 f_size=    220 s_size=     1368kB time= 15.751 br=    42.2kbits/s avg_br=   711.5kbits/s type= B
out=  0 st=  0 frame=   382 q= 35.0 f_size=   1134 s_size=     1369kB time= 15.793 br=   217.7kbits/s avg_br=   710.2kbits/s type= P
out=  0 st=  0 frame=   383 q= 35.0 f_size=    347 s_size=     1369kB time= 15.834 br=    66.6kbits/s avg_br=   708.5kbits/s type= B
out=  0 st=  0 frame=   384 q= 35.0 f_size=    185 s_size=     1370kB time= 15.876 br=    35.5kbits/s avg_br=   706.7kbits/s type= B
out=  0 st=  0 frame=   385 q= 35.0 f_size=    156 s_size=     1370kB time= 15.918 br=    30.0kbits/s avg_br=   704.9kbits/s type= B
out=  0 st=  0 frame=   386 q= 35.0 f_size=   1281 s_size=     1371kB time= 15.959 br=   246.0kbits/s avg_br=   703.8kbits/s type= P
out=  0 st=  0 frame=   387 q= 35.0 f_size=    315 s_size=     1371kB time= 16.001 br=    60.5kbits/s avg_br=   702.1kbits/s type= B
out=  0 st=  0 frame=   388 q= 35.0 f_size=    136 s_size=     1371kB time= 16.043 br=    26.1kbits/s avg_br=   700.3kbits/s type= B
out=  0 st=  0 frame=   389 q= 35.0 f_size=    130 s_size=     1372kB time= 16.084 br=    25.0kbits/s avg_br=   698.6kbits/s type= B
out=  0 st=  0 frame=   390 q= 35.0 f_size=   1072 s_size=     1373kB time= 16.126 br=   205.8kbits/s avg_br=   697.3kbits/s type= P
out=  0 st=  0 frame=   391 q= 35.0 f_size=    287 s_size=     1373kB time= 16.168 br=    55.1kbits/s avg_br=   695.6kbits/s type= B
out=  0 st=  0 frame=   392 q= 35.0 f_size=     97 s_size=     1373kB time= 16.209 br=    18.6kbits/s avg_br=   693.9kbits/s type= B
out=  0 st=  0 frame=   393 q= 35.0 f_size=    103 s_size=     1373kB time= 16.251 br=    19.8kbits/s avg_br=   692.2kbits/s type= B
out=  0 st=  0 frame=   394 q= 35.0 f_size=   1115 s_size=     1374kB time= 16.293 br=   214.1kbits/s avg_br=   690.9kbits/s type= P
out=  0 st=  0 frame=   395 q= 35.0 f_size=    327 s_size=     1375kB time= 16.334 br=    62.8kbits/s avg_br=   689.4kbits/s type= B
out=  0 st=  0 frame=   396 q= 35.0 f_size=    142 s_size=     1375kB time= 16.376 br=    27.3kbits/s avg_br=   687.7kbits/s type= B
out=  0 st=  0 frame=   397 q= 35.0 f_size=    155 s_size=     1375kB time= 16.418 br=    29.8kbits/s avg_br=   686.0kbits/s type= B
out=  0 st=  0 frame=   398 q= 35.0 f_size=   1092 s_size=     1376kB time= 16.459 br=   209.7kbits/s avg_br=   684.8kbits/s type= P
out=  0 st=  0 frame=   399 q= 35.0 f_size=    287 s_size=     1376kB time= 16.501 br=    55.1kbits/s avg_br=   683.2kbits/s type= B
out=  0 st=  0 frame=   400 q= 35.0 f_size=    137 s_size=     1376kB time= 16.543 br=    26.3kbits/s avg_br=   681.5kbits/s type= B
out=  0 st=  0 frame=   401 q= 35.0 f_size=    102 s_size=     1376kB time= 16.584 br=    19.6kbits/s avg_br=   679.9kbits/s type= B
out=  0 st=  0 frame=   402 q= 35.0 f_size=    465 s_size=     1377kB time= 16.626 br=    89.3kbits/s avg_br=   678.4kbits/s type= P
out=  0 st=  0 frame=   403 q= 35.0 f_size=    172 s_size=     1377kB time= 16.668 br=    33.0kbits/s avg_br=   676.8kbits/s type= B
out=  0 st=  0 frame=   404 q= 35.0 f_size=    102 s_size=     1377kB time= 16.709 br=    19.6kbits/s avg_br=   675.2kbits/s type= B
out=  0 st=  0 frame=   405 q= 35.0 f_size=   1261 s_size=     1378kB time= 16.751 br=   242.1kbits/s avg_br=   674.1kbits/s type= P
out=  0 st=  0 frame=   406 q= 35.0 f_size=    347 s_size=     1379kB time= 16.793 br=    66.6kbits/s avg_br=   672.5kbits/s type= B
out=  0 st=  0 frame=   407 q= 35.0 f_size=    178 s_size=     1379kB time= 16.834 br=    34.2kbits/s avg_br=   671.0kbits/s type= B
out=  0 st=  0 frame=   408 q= 35.0 f_size=    183 s_size=     1379kB time= 16.876 br=    35.1kbits/s avg_br=   669.4kbits/s type= B
out=  0 st=  0 frame=   409 q= 35.0 f_size=    775 s_size=     1380kB time= 16.918 br=   148.8kbits/s avg_br=   668.1kbits/s type= P
out=  0 st=  0 frame=   410 q= 35.0 f_size=    256 s_size=     1380kB time= 16.959 br=    49.2kbits/s avg_br=   666.6kbits/s type= B
out=  0 st=  0 frame=   411 q= 35.0 f_size=    149 s_size=     1380kB time= 17.001 br=    28.6kbits/s avg_br=   665.0kbits/s type= B
out=  0 st=  0 frame=   412 q= 35.0 f_size=    111 s_size=     1380kB time= 17.043 br=    21.3kbits/s avg_br=   663.5kbits/s type= B
out=  0 st=  0 frame=   413 q= 35.0 f_size=    339 s_size=     1381kB time= 17.084 br=    65.1kbits/s avg_br=   662.0kbits/s type= P
out=  0 st=  0 frame=   414 q= 35.0 f_size=    199 s_size=     1381kB time= 17.126 br=    38.2kbits/s avg_br=   660.5kbits/s type= B
out=  0 st=  0 frame=   415 q= 35.0 f_size=    127 s_size=     1381kB time= 17.168 br=    24.4kbits/s avg_br=   658.9kbits/s type= B
out=  0 st=  0 frame=   416 q= 35.0 f_size=     65 s_size=     1381kB time= 17.209 br=    12.5kbits/s avg_br=   657.4kbits/s type= B
out=  0 st=  0 frame=   417 q= 35.0 f_size=    259 s_size=     1381kB time= 17.251 br=    49.7kbits/s avg_br=   655.9kbits/s type= P
out=  0 st=  0 frame=   418 q= 35.0 f_size=    151 s_size=     1381kB time= 17.293 br=    29.0kbits/s avg_br=   654.4kbits/s type= B
out=  0 st=  0 frame=   419 q= 32.0 f_size=     71 s_size=     1381kB time= 17.334 br=    13.6kbits/s avg_br=   652.9kbits/s type= B
out=  0 st=  0 frame=   420 q= 35.0 f_size=    113 s_size=     1382kB time= 17.376 br=    21.7kbits/s avg_br=   651.3kbits/s type= B
out=  0 st=  0 frame=   421 q= 35.0 f_size= 148224 s_size=     1526kB time= 17.418 br= 28459.0kbits/s avg_br=   717.9kbits/s type= I
out=  0 st=  0 frame=   422 q= 35.0 f_size=   4713 s_size=     1531kB time= 17.459 br=   904.9kbits/s avg_br=   718.3kbits/s type= P
out=  0 st=  0 frame=   423 q= 35.0 f_size=   1168 s_size=     1532kB time= 17.501 br=   224.3kbits/s avg_br=   717.1kbits/s type= B
out=  0 st=  0 frame=   424 q= 35.0 f_size=    708 s_size=     1533kB time= 17.543 br=   135.9kbits/s avg_br=   715.7kbits/s type= B
out=  0 st=  0 frame=   425 q= 35.0 f_size=   1115 s_size=     1534kB time= 17.584 br=   214.1kbits/s avg_br=   714.6kbits/s type= B
out=  0 st=  0 frame=   426 q= 35.0 f_size=   7696 s_size=     1541kB time= 17.626 br=  1477.6kbits/s avg_br=   716.4kbits/s type= P
out=  0 st=  0 frame=   427 q= 35.0 f_size=   1698 s_size=     1543kB time= 17.668 br=   326.0kbits/s avg_br=   715.4kbits/s type= B
out=  0 st=  0 frame=   428 q= 35.0 f_size=    946 s_size=     1544kB time= 17.709 br=   181.6kbits/s avg_br=   714.2kbits/s type= B
out=  0 st=  0 frame=   429 q= 35.0 f_size=   1287 s_size=     1545kB time= 17.751 br=   247.1kbits/s avg_br=   713.1kbits/s type= B
out=  0 st=  0 frame=   430 q= 35.0 f_size=   8797 s_size=     1554kB time= 17.793 br=  1689.0kbits/s avg_br=   715.4kbits/s type= P
out=  0 st=  0 frame=   431 q= 35.0 f_size=   1715 s_size=     1555kB time= 17.834 br=   329.3kbits/s avg_br=   714.5kbits/s type= B
out=  0 st=  0 frame=   432 q= 35.0 f_size=   1080 s_size=     1557kB time= 17.876 br=   207.4kbits/s avg_br=   713.3kbits/s type= B
out=  0 st=  0 frame=   433 q= 35.0 f_size=   1171 s_size=     1558kB time= 17.918 br=   224.8kbits/s avg_br=   712.2kbits/s type= B
out=  0 st=  0 frame=   434 q= 35.0 f_size=  10193 s_size=     1568kB time= 17.959 br=  1957.1kbits/s avg_br=   715.1kbits/s type= P
out=  0 st=  0 frame=   435 q= 35.0 f_size=   1872 s_size=     1569kB time= 18.001 br=   359.4kbits/s avg_br=   714.2kbits/s type= B
out=  0 st=  0 frame=   436 q= 35.0 f_size=   1220 s_size=     1571kB time= 18.043 br=   234.2kbits/s avg_br=   713.1kbits/s type= B
out=  0 st=  0 frame=   437 q= 35.0 f_size=   1248 s_size=     1572kB time= 18.084 br=   239.6kbits/s avg_br=   712.0kbits/s type= B
out=  0 st=  0 frame=   438 q= 35.0 f_size=  10099 s_size=     1582kB time= 18.126 br=  1939.0kbits/s avg_br=   714.9kbits/s type= P
out=  0 st=  0 frame=   439 q= 35.0 f_size=   1696 s_size=     1583kB time= 18.168 br=   325.6kbits/s avg_br=   713.9kbits/s type= B
out=  0 st=  0 frame=   440 q= 35.0 f_size=   1043 s_size=     1584kB time= 18.209 br=   200.3kbits/s avg_br=   712.8kbits/s type= B
out=  0 st=  0 frame=   441 q= 35.0 f_size=   1205 s_size=     1586kB time= 18.251 br=   231.4kbits/s avg_br=   711.7kbits/s type= B
out=  0 st=  0 frame=   442 q= 35.0 f_size=  10926 s_size=     1596kB time= 18.293 br=  2097.8kbits/s avg_br=   714.8kbits/s type= P
out=  0 st=  0 frame=   443 q= 35.0 f_size=   1729 s_size=     1598kB time= 18.334 br=   332.0kbits/s avg_br=   714.0kbits/s type= B
out=  0 st=  0 frame=   444 q= 35.0 f_size=   1211 s_size=     1599kB time= 18.376 br=   232.5kbits/s avg_br=   712.9kbits/s type= B
out=  0 st=  0 frame=   445 q= 35.0 f_size=   1159 s_size=     1600kB time= 18.418 br=   222.5kbits/s avg_br=   711.8kbits/s type= B
out=  0 st=  0 frame=   446 q= 35.0 f_size=  12153 s_size=     1612kB time= 18.459 br=  2333.4kbits/s avg_br=   715.4kbits/s type= P
out=  0 st=  0 frame=   447 q= 35.0 f_size=   1734 s_size=     1614kB time= 18.501 br=   332.9kbits/s avg_br=   714.6kbits/s type= B
out=  0 st=  0 frame=   448 q= 35.0 f_size=   1238 s_size=     1615kB time= 18.543 br=   237.7kbits/s avg_br=   713.5kbits/s type= B
out=  0 st=  0 frame=   449 q= 35.0 f_size=   1195 s_size=     1616kB time= 18.584 br=   229.4kbits/s avg_br=   712.4kbits/s type= B
out=  0 st=  0 frame=   450 q= 35.0 f_size=  11653 s_size=     1628kB time= 18.626 br=  2237.4kbits/s avg_br=   715.8kbits/s type= P
out=  0 st=  0 frame=   451 q= 35.0 f_size=   1734 s_size=     1629kB time= 18.668 br=   332.9kbits/s avg_br=   715.0kbits/s type= B
out=  0 st=  0 frame=   452 q= 35.0 f_size=   1128 s_size=     1630kB time= 18.709 br=   216.6kbits/s avg_br=   713.9kbits/s type= B
out=  0 st=  0 frame=   453 q= 35.0 f_size=   1134 s_size=     1631kB time= 18.751 br=   217.7kbits/s avg_br=   712.8kbits/s type= B
out=  0 st=  0 frame=   454 q= 35.0 f_size=  11309 s_size=     1643kB time= 18.793 br=  2171.3kbits/s avg_br=   716.0kbits/s type= P
out=  0 st=  0 frame=   455 q= 35.0 f_size=   1666 s_size=     1644kB time= 18.834 br=   319.9kbits/s avg_br=   715.1kbits/s type= B
out=  0 st=  0 frame=   456 q= 35.0 f_size=   1159 s_size=     1645kB time= 18.876 br=   222.5kbits/s avg_br=   714.0kbits/s type= B
out=  0 st=  0 frame=   457 q= 35.0 f_size=   1162 s_size=     1646kB time= 18.918 br=   223.1kbits/s avg_br=   712.9kbits/s type= B
out=  0 st=  0 frame=   458 q= 35.0 f_size=  12889 s_size=     1659kB time= 18.959 br=  2474.7kbits/s avg_br=   716.8kbits/s type= P
out=  0 st=  0 frame=   459 q= 35.0 f_size=   1740 s_size=     1661kB time= 19.001 br=   334.1kbits/s avg_br=   716.0kbits/s type= B
out=  0 st=  0 frame=   460 q= 35.0 f_size=   1147 s_size=     1662kB time= 19.043 br=   220.2kbits/s avg_br=   714.9kbits/s type= B
out=  0 st=  0 frame=   461 q= 35.0 f_size=   1149 s_size=     1663kB time= 19.084 br=   220.6kbits/s avg_br=   713.8kbits/s type= B
out=  0 st=  0 frame=   462 q= 35.0 f_size=  11763 s_size=     1674kB time= 19.126 br=  2258.5kbits/s avg_br=   717.2kbits/s type= P
out=  0 st=  0 frame=   463 q= 35.0 f_size=   1758 s_size=     1676kB time= 19.168 br=   337.5kbits/s avg_br=   716.3kbits/s type= B
out=  0 st=  0 frame=   464 q= 35.0 f_size=   1148 s_size=     1677kB time= 19.209 br=   220.4kbits/s avg_br=   715.3kbits/s type= B
out=  0 st=  0 frame=   465 q= 35.0 f_size=   1193 s_size=     1678kB time= 19.251 br=   229.1kbits/s avg_br=   714.2kbits/s type= B
out=  0 st=  0 frame=   466 q= 35.0 f_size=  12325 s_size=     1690kB time= 19.293 br=  2366.4kbits/s avg_br=   717.8kbits/s type= P
out=  0 st=  0 frame=   467 q= 35.0 f_size=   1682 s_size=     1692kB time= 19.334 br=   322.9kbits/s avg_br=   717.0kbits/s type= B
out=  0 st=  0 frame=   468 q= 35.0 f_size=   1100 s_size=     1693kB time= 19.376 br=   211.2kbits/s avg_br=   715.9kbits/s type= B
out=  0 st=  0 frame=   469 q= 35.0 f_size=   1201 s_size=     1694kB time= 19.418 br=   230.6kbits/s avg_br=   714.8kbits/s type= B
out=  0 st=  0 frame=   470 q= 35.0 f_size=  12025 s_size=     1706kB time= 19.459 br=  2308.8kbits/s avg_br=   718.2kbits/s type= P
out=  0 st=  0 frame=   471 q= 35.0 f_size=   1614 s_size=     1708kB time= 19.501 br=   309.9kbits/s avg_br=   717.4kbits/s type= B
out=  0 st=  0 frame=   472 q= 35.0 f_size=   1176 s_size=     1709kB time= 19.543 br=   225.8kbits/s avg_br=   716.3kbits/s type= B
out=  0 st=  0 frame=   473 q= 35.0 f_size=   1087 s_size=     1710kB time= 19.584 br=   208.7kbits/s avg_br=   715.2kbits/s type= B
out=  0 st=  0 frame=   474 q= 35.0 f_size=  12770 s_size=     1722kB time= 19.626 br=  2451.8kbits/s avg_br=   718.9kbits/s type= P
out=  0 st=  0 frame=   475 q= 35.0 f_size=   1772 s_size=     1724kB time= 19.668 br=   340.2kbits/s avg_br=   718.1kbits/s type= B
out=  0 st=  0 frame=   476 q= 35.0 f_size=   1158 s_size=     1725kB time= 19.709 br=   222.3kbits/s avg_br=   717.1kbits/s type= B
out=  0 st=  0 frame=   477 q= 35.0 f_size=   1156 s_size=     1726kB time= 19.751 br=   222.0kbits/s avg_br=   716.0kbits/s type= B
out=  0 st=  0 frame=   478 q= 35.0 f_size=  12242 s_size=     1738kB time= 19.793 br=  2350.5kbits/s avg_br=   719.4kbits/s type= P
out=  0 st=  0 frame=   479 q= 35.0 f_size=   1671 s_size=     1740kB time= 19.834 br=   320.8kbits/s avg_br=   718.6kbits/s type= B
out=  0 st=  0 frame=   480 q= 35.0 f_size=   1123 s_size=     1741kB time= 19.876 br=   215.6kbits/s avg_br=   717.6kbits/s type= B
out=  0 st=  0 frame=   481 q= 35.0 f_size=   1164 s_size=     1742kB time= 19.918 br=   223.5kbits/s avg_br=   716.5kbits/s type= B
out=  0 st=  0 frame=   482 q= 35.0 f_size=  12551 s_size=     1754kB time= 19.959 br=  2409.8kbits/s avg_br=   720.1kbits/s type= P
out=  0 st=  0 frame=   483 q= 35.0 f_size=   1661 s_size=     1756kB time= 20.001 br=   318.9kbits/s avg_br=   719.2kbits/s type= B
out=  0 st=  0 frame=   484 q= 35.0 f_size=   1235 s_size=     1757kB time= 20.043 br=   237.1kbits/s avg_br=   718.2kbits/s type= B
out=  0 st=  0 frame=   485 q= 35.0 f_size=   1125 s_size=     1758kB time= 20.084 br=   216.0kbits/s avg_br=   717.2kbits/s type= B
out=  0 st=  0 frame=   486 q= 35.0 f_size=  12665 s_size=     1771kB time= 20.126 br=  2431.7kbits/s avg_br=   720.7kbits/s type= P
out=  0 st=  0 frame=   487 q= 35.0 f_size=   1774 s_size=     1772kB time= 20.168 br=   340.6kbits/s avg_br=   719.9kbits/s type= B
out=  0 st=  0 frame=   488 q= 35.0 f_size=   1212 s_size=     1774kB time= 20.209 br=   232.7kbits/s avg_br=   719.0kbits/s type= B
out=  0 st=  0 frame=   489 q= 35.0 f_size=   1176 s_size=     1775kB time= 20.251 br=   225.8kbits/s avg_br=   717.9kbits/s type= B
out=  0 st=  0 frame=   490 q= 35.0 f_size=  12707 s_size=     1787kB time= 20.293 br=  2439.7kbits/s avg_br=   721.5kbits/s type= P
out=  0 st=  0 frame=   491 q= 35.0 f_size=   1639 s_size=     1789kB time= 20.334 br=   314.7kbits/s avg_br=   720.6kbits/s type= B
out=  0 st=  0 frame=   492 q= 35.0 f_size=   1155 s_size=     1790kB time= 20.376 br=   221.8kbits/s avg_br=   719.6kbits/s type= B
out=  0 st=  0 frame=   493 q= 35.0 f_size=   1185 s_size=     1791kB time= 20.418 br=   227.5kbits/s avg_br=   718.6kbits/s type= B
out=  0 st=  0 frame=   494 q= 35.0 f_size=  12622 s_size=     1803kB time= 20.459 br=  2423.4kbits/s avg_br=   722.1kbits/s type= P
out=  0 st=  0 frame=   495 q= 35.0 f_size=   1690 s_size=     1805kB time= 20.501 br=   324.5kbits/s avg_br=   721.3kbits/s type= B
out=  0 st=  0 frame=   496 q= 35.0 f_size=   1223 s_size=     1806kB time= 20.543 br=   234.8kbits/s avg_br=   720.3kbits/s type= B
out=  0 st=  0 frame=   497 q= 35.0 f_size=   1087 s_size=     1807kB time= 20.584 br=   208.7kbits/s avg_br=   719.3kbits/s type= B
out=  0 st=  0 frame=   498 q= 35.0 f_size=  13019 s_size=     1820kB time= 20.626 br=  2499.6kbits/s avg_br=   722.9kbits/s type= P
out=  0 st=  0 frame=   499 q= 35.0 f_size=   1719 s_size=     1822kB time= 20.668 br=   330.0kbits/s avg_br=   722.0kbits/s type= B
out=  0 st=  0 frame=   500 q= 35.0 f_size=   1186 s_size=     1823kB time= 20.709 br=   227.7kbits/s avg_br=   721.1kbits/s type= B
out=  0 st=  0 frame=   501 q= 35.0 f_size=   1204 s_size=     1824kB time= 20.751 br=   231.2kbits/s avg_br=   720.1kbits/s type= B
out=  0 st=  0 frame=   502 q= 35.0 f_size=  12954 s_size=     1837kB time= 20.793 br=  2487.2kbits/s avg_br=   723.6kbits/s type= P
out=  0 st=  0 frame=   503 q= 35.0 f_size=   1676 s_size=     1838kB time= 20.834 br=   321.8kbits/s avg_br=   722.8kbits/s type= B
out=  0 st=  0 frame=   504 q= 35.0 f_size=   1144 s_size=     1839kB time= 20.876 br=   219.6kbits/s avg_br=   721.8kbits/s type= B
out=  0 st=  0 frame=   505 q= 35.0 f_size=   1175 s_size=     1841kB time= 20.918 br=   225.6kbits/s avg_br=   720.8kbits/s type= B
out=  0 st=  0 frame=   506 q= 35.0 f_size=  12861 s_size=     1853kB time= 20.959 br=  2469.3kbits/s avg_br=   724.3kbits/s type= P
out=  0 st=  0 frame=   507 q= 35.0 f_size=   1695 s_size=     1855kB time= 21.001 br=   325.4kbits/s avg_br=   723.5kbits/s type= B
out=  0 st=  0 frame=   508 q= 35.0 f_size=   1239 s_size=     1856kB time= 21.043 br=   237.9kbits/s avg_br=   722.5kbits/s type= B
out=  0 st=  0 frame=   509 q= 35.0 f_size=   1138 s_size=     1857kB time= 21.084 br=   218.5kbits/s avg_br=   721.6kbits/s type= B
out=  0 st=  0 frame=   510 q= 35.0 f_size=  13103 s_size=     1870kB time= 21.126 br=  2515.8kbits/s avg_br=   725.1kbits/s type= P
out=  0 st=  0 frame=   511 q= 35.0 f_size=   1739 s_size=     1872kB time= 21.168 br=   333.9kbits/s avg_br=   724.3kbits/s type= B
out=  0 st=  0 frame=   512 q= 35.0 f_size=   1211 s_size=     1873kB time= 21.209 br=   232.5kbits/s avg_br=   723.4kbits/s type= B
out=  0 st=  0 frame=   513 q= 35.0 f_size=   1142 s_size=     1874kB time= 21.251 br=   219.3kbits/s avg_br=   722.4kbits/s type= B
out=  0 st=  0 frame=   514 q= 35.0 f_size=  12831 s_size=     1886kB time= 21.293 br=  2463.6kbits/s avg_br=   725.8kbits/s type= P
out=  0 st=  0 frame=   515 q= 35.0 f_size=   1728 s_size=     1888kB time= 21.334 br=   331.8kbits/s avg_br=   725.0kbits/s type= B
out=  0 st=  0 frame=   516 q= 35.0 f_size=   1146 s_size=     1889kB time= 21.376 br=   220.0kbits/s avg_br=   724.0kbits/s type= B
out=  0 st=  0 frame=   517 q= 35.0 f_size=   1193 s_size=     1890kB time= 21.418 br=   229.1kbits/s avg_br=   723.0kbits/s type= B
out=  0 st=  0 frame=   518 q= 35.0 f_size=  14252 s_size=     1904kB time= 21.459 br=  2736.4kbits/s avg_br=   727.0kbits/s type= P
out=  0 st=  0 frame=   519 q= 35.0 f_size=   1781 s_size=     1906kB time= 21.501 br=   342.0kbits/s avg_br=   726.2kbits/s type= B
out=  0 st=  0 frame=   520 q= 35.0 f_size=   1251 s_size=     1907kB time= 21.543 br=   240.2kbits/s avg_br=   725.3kbits/s type= B
out=  0 st=  0 frame=   521 q= 35.0 f_size=   1183 s_size=     1908kB time= 21.584 br=   227.1kbits/s avg_br=   724.3kbits/s type= B
out=  0 st=  0 frame=   522 q= 35.0 f_size=  13981 s_size=     1922kB time= 21.626 br=  2684.4kbits/s avg_br=   728.1kbits/s type= P
out=  0 st=  0 frame=   523 q= 35.0 f_size=   1649 s_size=     1924kB time= 21.668 br=   316.6kbits/s avg_br=   727.3kbits/s type= B
out=  0 st=  0 frame=   524 q= 35.0 f_size=   1183 s_size=     1925kB time= 21.709 br=   227.1kbits/s avg_br=   726.4kbits/s type= B
out=  0 st=  0 frame=   525 q= 35.0 f_size=   1196 s_size=     1926kB time= 21.751 br=   229.6kbits/s avg_br=   725.4kbits/s type= B
out=  0 st=  0 frame=   526 q= 35.0 f_size=  12295 s_size=     1938kB time= 21.793 br=  2360.6kbits/s avg_br=   728.5kbits/s type= P
out=  0 st=  0 frame=   527 q= 35.0 f_size=   1762 s_size=     1940kB time= 21.834 br=   338.3kbits/s avg_br=   727.8kbits/s type= B
out=  0 st=  0 frame=   528 q= 35.0 f_size=   1159 s_size=     1941kB time= 21.876 br=   222.5kbits/s avg_br=   726.8kbits/s type= B
out=  0 st=  0 frame=   529 q= 35.0 f_size=   1205 s_size=     1942kB time= 21.918 br=   231.4kbits/s avg_br=   725.9kbits/s type= B
out=  0 st=  0 frame=   530 q= 35.0 f_size=  12373 s_size=     1954kB time= 21.959 br=  2375.6kbits/s avg_br=   729.0kbits/s type= P
out=  0 st=  0 frame=   531 q= 35.0 f_size=   1706 s_size=     1956kB time= 22.001 br=   327.6kbits/s avg_br=   728.2kbits/s type= B
out=  0 st=  0 frame=   532 q= 35.0 f_size=   1180 s_size=     1957kB time= 22.043 br=   226.6kbits/s avg_br=   727.3kbits/s type= B
out=  0 st=  0 frame=   533 q= 35.0 f_size=   1149 s_size=     1958kB time= 22.084 br=   220.6kbits/s avg_br=   726.3kbits/s type= B
out=  0 st=  0 frame=   534 q= 35.0 f_size=  14342 s_size=     1972kB time= 22.126 br=  2753.7kbits/s avg_br=   730.2kbits/s type= P
out=  0 st=  0 frame=   535 q= 35.0 f_size=   1644 s_size=     1974kB time= 22.168 br=   315.6kbits/s avg_br=   729.4kbits/s type= B
out=  0 st=  0 frame=   536 q= 35.0 f_size=   1250 s_size=     1975kB time= 22.209 br=   240.0kbits/s avg_br=   728.5kbits/s type= B
out=  0 st=  0 frame=   537 q= 35.0 f_size=   1177 s_size=     1976kB time= 22.251 br=   226.0kbits/s avg_br=   727.5kbits/s type= B
out=  0 st=  0 frame=   538 q= 35.0 f_size=  12528 s_size=     1988kB time= 22.293 br=  2405.4kbits/s avg_br=   730.6kbits/s type= P
out=  0 st=  0 frame=   539 q= 35.0 f_size=   1733 s_size=     1990kB time= 22.334 br=   332.7kbits/s avg_br=   729.9kbits/s type= B
out=  0 st=  0 frame=   540 q= 35.0 f_size=   1112 s_size=     1991kB time= 22.376 br=   213.5kbits/s avg_br=   728.9kbits/s type= B
out=  0 st=  0 frame=   541 q= 35.0 f_size=   1102 s_size=     1992kB time= 22.418 br=   211.6kbits/s avg_br=   728.0kbits/s type= B
out=  0 st=  0 frame=   542 q= 35.0 f_size=  12976 s_size=     2005kB time= 22.459 br=  2491.4kbits/s avg_br=   731.3kbits/s type= P
out=  0 st=  0 frame=   543 q= 35.0 f_size=   1716 s_size=     2007kB time= 22.501 br=   329.5kbits/s avg_br=   730.5kbits/s type= B
out=  0 st=  0 frame=   544 q= 35.0 f_size=   1220 s_size=     2008kB time= 22.543 br=   234.2kbits/s avg_br=   729.6kbits/s type= B
out=  0 st=  0 frame=   545 q= 35.0 f_size=   1149 s_size=     2009kB time= 22.584 br=   220.6kbits/s avg_br=   728.7kbits/s type= B
out=  0 st=  0 frame=   546 q= 35.0 f_size=  14095 s_size=     2023kB time= 22.626 br=  2706.2kbits/s avg_br=   732.3kbits/s type= P
out=  0 st=  0 frame=   547 q= 35.0 f_size=   1748 s_size=     2024kB time= 22.668 br=   335.6kbits/s avg_br=   731.6kbits/s type= B
out=  0 st=  0 frame=   548 q= 35.0 f_size=   1246 s_size=     2026kB time= 22.709 br=   239.2kbits/s avg_br=   730.7kbits/s type= B
out=  0 st=  0 frame=   549 q= 35.0 f_size=   1164 s_size=     2027kB time= 22.751 br=   223.5kbits/s avg_br=   729.7kbits/s type= B
out=  0 st=  0 frame=   550 q= 35.0 f_size=  12639 s_size=     2039kB time= 22.793 br=  2426.7kbits/s avg_br=   732.8kbits/s type= P
out=  0 st=  0 frame=   551 q= 35.0 f_size=   1778 s_size=     2041kB time= 22.834 br=   341.4kbits/s avg_br=   732.1kbits/s type= B
out=  0 st=  0 frame=   552 q= 35.0 f_size=   1187 s_size=     2042kB time= 22.876 br=   227.9kbits/s avg_br=   731.2kbits/s type= B
out=  0 st=  0 frame=   553 q= 35.0 f_size=   1214 s_size=     2043kB time= 22.918 br=   233.1kbits/s avg_br=   730.3kbits/s type= B
out=  0 st=  0 frame=   554 q= 35.0 f_size=  12370 s_size=     2055kB time= 22.959 br=  2375.0kbits/s avg_br=   733.3kbits/s type= P
out=  0 st=  0 frame=   555 q= 35.0 f_size=   1803 s_size=     2057kB time= 23.001 br=   346.2kbits/s avg_br=   732.6kbits/s type= B
out=  0 st=  0 frame=   556 q= 35.0 f_size=   1165 s_size=     2058kB time= 23.043 br=   223.7kbits/s avg_br=   731.7kbits/s type= B
out=  0 st=  0 frame=   557 q= 35.0 f_size=   1181 s_size=     2059kB time= 23.084 br=   226.8kbits/s avg_br=   730.8kbits/s type= B
out=  0 st=  0 frame=   558 q= 35.0 f_size=  14190 s_size=     2073kB time= 23.126 br=  2724.5kbits/s avg_br=   734.3kbits/s type= P
out=  0 st=  0 frame=   559 q= 35.0 f_size=   1697 s_size=     2075kB time= 23.168 br=   325.8kbits/s avg_br=   733.6kbits/s type= B
out=  0 st=  0 frame=   560 q= 35.0 f_size=   1194 s_size=     2076kB time= 23.209 br=   229.2kbits/s avg_br=   732.7kbits/s type= B
out=  0 st=  0 frame=   561 q= 35.0 f_size=   1158 s_size=     2077kB time= 23.251 br=   222.3kbits/s avg_br=   731.8kbits/s type= B
out=  0 st=  0 frame=   562 q= 35.0 f_size=  13249 s_size=     2090kB time= 23.293 br=  2543.8kbits/s avg_br=   735.0kbits/s type= P
out=  0 st=  0 frame=   563 q= 35.0 f_size=   1776 s_size=     2092kB time= 23.334 br=   341.0kbits/s avg_br=   734.3kbits/s type= B
out=  0 st=  0 frame=   564 q= 35.0 f_size=   1162 s_size=     2093kB time= 23.376 br=   223.1kbits/s avg_br=   733.4kbits/s type= B
out=  0 st=  0 frame=   565 q= 35.0 f_size=   1146 s_size=     2094kB time= 23.418 br=   220.0kbits/s avg_br=   732.5kbits/s type= B
out=  0 st=  0 frame=   566 q= 35.0 f_size=  12824 s_size=     2106kB time= 23.459 br=  2462.2kbits/s avg_br=   735.6kbits/s type= P
out=  0 st=  0 frame=   567 q= 35.0 f_size=   1763 s_size=     2108kB time= 23.501 br=   338.5kbits/s avg_br=   734.9kbits/s type= B
out=  0 st=  0 frame=   568 q= 35.0 f_size=   1202 s_size=     2109kB time= 23.543 br=   230.8kbits/s avg_br=   734.0kbits/s type= B
out=  0 st=  0 frame=   569 q= 35.0 f_size=   1161 s_size=     2110kB time= 23.584 br=   222.9kbits/s avg_br=   733.1kbits/s type= B
out=  0 st=  0 frame=   570 q= 35.0 f_size=  12814 s_size=     2123kB time= 23.626 br=  2460.3kbits/s avg_br=   736.1kbits/s type= P
out=  0 st=  0 frame=   571 q= 35.0 f_size=   1704 s_size=     2125kB time= 23.668 br=   327.2kbits/s avg_br=   735.4kbits/s type= B
out=  0 st=  0 frame=   572 q= 35.0 f_size=   1249 s_size=     2126kB time= 23.709 br=   239.8kbits/s avg_br=   734.5kbits/s type= B
out=  0 st=  0 frame=   573 q= 35.0 f_size=   1099 s_size=     2127kB time= 23.751 br=   211.0kbits/s avg_br=   733.6kbits/s type= B
out=  0 st=  0 frame=   574 q= 35.0 f_size=  13023 s_size=     2140kB time= 23.793 br=  2500.4kbits/s avg_br=   736.7kbits/s type= P
out=  0 st=  0 frame=   575 q= 35.0 f_size=   1755 s_size=     2141kB time= 23.834 br=   337.0kbits/s avg_br=   736.0kbits/s type= B
out=  0 st=  0 frame=   576 q= 35.0 f_size=   1250 s_size=     2143kB time= 23.876 br=   240.0kbits/s avg_br=   735.1kbits/s type= B
out=  0 st=  0 frame=   577 q= 35.0 f_size=   1185 s_size=     2144kB time= 23.918 br=   227.5kbits/s avg_br=   734.2kbits/s type= B
out=  0 st=  0 frame=   578 q= 35.0 f_size=  13074 s_size=     2157kB time= 23.959 br=  2510.2kbits/s avg_br=   737.4kbits/s type= P
out=  0 st=  0 frame=   579 q= 35.0 f_size=   1663 s_size=     2158kB time= 24.001 br=   319.3kbits/s avg_br=   736.6kbits/s type= B
out=  0 st=  0 frame=   580 q= 35.0 f_size=   1225 s_size=     2159kB time= 24.043 br=   235.2kbits/s avg_br=   735.7kbits/s type= B
out=  0 st=  0 frame=   581 q= 35.0 f_size=   1171 s_size=     2160kB time= 24.084 br=   224.8kbits/s avg_br=   734.9kbits/s type= B
out=  0 st=  0 frame=   582 q= 35.0 f_size=  13100 s_size=     2173kB time= 24.126 br=  2515.2kbits/s avg_br=   737.9kbits/s type= P
out=  0 st=  0 frame=   583 q= 35.0 f_size=   1614 s_size=     2175kB time= 24.168 br=   309.9kbits/s avg_br=   737.2kbits/s type= B
out=  0 st=  0 frame=   584 q= 35.0 f_size=   1255 s_size=     2176kB time= 24.209 br=   241.0kbits/s avg_br=   736.4kbits/s type= B
out=  0 st=  0 frame=   585 q= 35.0 f_size=   1184 s_size=     2177kB time= 24.251 br=   227.3kbits/s avg_br=   735.5kbits/s type= B
out=  0 st=  0 frame=   586 q= 35.0 f_size=  14307 s_size=     2191kB time= 24.293 br=  2746.9kbits/s avg_br=   738.9kbits/s type= P
out=  0 st=  0 frame=   587 q= 35.0 f_size=   1679 s_size=     2193kB time= 24.334 br=   322.4kbits/s avg_br=   738.2kbits/s type= B
out=  0 st=  0 frame=   588 q= 35.0 f_size=   1257 s_size=     2194kB time= 24.376 br=   241.3kbits/s avg_br=   737.4kbits/s type= B
out=  0 st=  0 frame=   589 q= 35.0 f_size=   1177 s_size=     2195kB time= 24.418 br=   226.0kbits/s avg_br=   736.5kbits/s type= B
out=  0 st=  0 frame=   590 q= 35.0 f_size=  12893 s_size=     2208kB time= 24.459 br=  2475.5kbits/s avg_br=   739.5kbits/s type= P
out=  0 st=  0 frame=   591 q= 35.0 f_size=   1794 s_size=     2210kB time= 24.501 br=   344.4kbits/s avg_br=   738.8kbits/s type= B
out=  0 st=  0 frame=   592 q= 35.0 f_size=   1202 s_size=     2211kB time= 24.543 br=   230.8kbits/s avg_br=   737.9kbits/s type= B
out=  0 st=  0 frame=   593 q= 35.0 f_size=   1209 s_size=     2212kB time= 24.584 br=   232.1kbits/s avg_br=   737.1kbits/s type= B
out=  0 st=  0 frame=   594 q= 35.0 f_size=  13084 s_size=     2225kB time= 24.626 br=  2512.1kbits/s avg_br=   740.1kbits/s type= P
out=  0 st=  0 frame=   595 q= 35.0 f_size=   1702 s_size=     2226kB time= 24.668 br=   326.8kbits/s avg_br=   739.4kbits/s type= B
out=  0 st=  0 frame=   596 q= 35.0 f_size=   1241 s_size=     2228kB time= 24.709 br=   238.3kbits/s avg_br=   738.5kbits/s type= B
out=  0 st=  0 frame=   597 q= 35.0 f_size=   1168 s_size=     2229kB time= 24.751 br=   224.3kbits/s avg_br=   737.7kbits/s type= B
out=  0 st=  0 frame=   598 q= 35.0 f_size=  13811 s_size=     2242kB time= 24.793 br=  2651.7kbits/s avg_br=   740.9kbits/s type= P
out=  0 st=  0 frame=   599 q= 35.0 f_size=   1678 s_size=     2244kB time= 24.834 br=   322.2kbits/s avg_br=   740.2kbits/s type= B
out=  0 st=  0 frame=   600 q= 35.0 f_size=   1233 s_size=     2245kB time= 24.876 br=   236.7kbits/s avg_br=   739.3kbits/s type= B
out=  0 st=  0 frame=   601 q= 35.0 f_size=   1170 s_size=     2246kB time= 24.918 br=   224.6kbits/s avg_br=   738.5kbits/s type= B
out=  0 st=  0 frame=   602 q= 35.0 f_size=  12983 s_size=     2259kB time= 24.959 br=  2492.7kbits/s avg_br=   741.4kbits/s type= P
out=  0 st=  0 frame=   603 q= 35.0 f_size=   1763 s_size=     2261kB time= 25.001 br=   338.5kbits/s avg_br=   740.7kbits/s type= B
out=  0 st=  0 frame=   604 q= 35.0 f_size=   1277 s_size=     2262kB time= 25.043 br=   245.2kbits/s avg_br=   739.9kbits/s type= B
out=  0 st=  0 frame=   605 q= 35.0 f_size=   1214 s_size=     2263kB time= 25.084 br=   233.1kbits/s avg_br=   739.1kbits/s type= B
out=  0 st=  0 frame=   606 q= 35.0 f_size=  12844 s_size=     2276kB time= 25.126 br=  2466.0kbits/s avg_br=   741.9kbits/s type= P
out=  0 st=  0 frame=   607 q= 35.0 f_size=   1717 s_size=     2277kB time= 25.168 br=   329.7kbits/s avg_br=   741.2kbits/s type= B
out=  0 st=  0 frame=   608 q= 35.0 f_size=   1257 s_size=     2278kB time= 25.209 br=   241.3kbits/s avg_br=   740.4kbits/s type= B
out=  0 st=  0 frame=   609 q= 35.0 f_size=   1187 s_size=     2280kB time= 25.251 br=   227.9kbits/s avg_br=   739.6kbits/s type= B
out=  0 st=  0 frame=   610 q= 35.0 f_size=  13089 s_size=     2292kB time= 25.293 br=  2513.1kbits/s avg_br=   742.5kbits/s type= P
out=  0 st=  0 frame=   611 q= 35.0 f_size=   1746 s_size=     2294kB time= 25.334 br=   335.2kbits/s avg_br=   741.8kbits/s type= B
out=  0 st=  0 frame=   612 q= 35.0 f_size=   1236 s_size=     2295kB time= 25.376 br=   237.3kbits/s avg_br=   741.0kbits/s type= B
out=  0 st=  0 frame=   613 q= 35.0 f_size=   1143 s_size=     2296kB time= 25.418 br=   219.5kbits/s avg_br=   740.1kbits/s type= B
out=  0 st=  0 frame=   614 q= 35.0 f_size=  13515 s_size=     2310kB time= 25.459 br=  2594.9kbits/s avg_br=   743.2kbits/s type= P
out=  0 st=  0 frame=   615 q= 35.0 f_size=   1695 s_size=     2311kB time= 25.501 br=   325.4kbits/s avg_br=   742.5kbits/s type= B
out=  0 st=  0 frame=   616 q= 35.0 f_size=   1286 s_size=     2313kB time= 25.543 br=   246.9kbits/s avg_br=   741.7kbits/s type= B
out=  0 st=  0 frame=   617 q= 35.0 f_size=   1150 s_size=     2314kB time= 25.584 br=   220.8kbits/s avg_br=   740.8kbits/s type= B
out=  0 st=  0 frame=   618 q= 35.0 f_size=  14632 s_size=     2328kB time= 25.626 br=  2809.3kbits/s avg_br=   744.2kbits/s type= P
out=  0 st=  0 frame=   619 q= 35.0 f_size=   1728 s_size=     2330kB time= 25.668 br=   331.8kbits/s avg_br=   743.5kbits/s type= B
out=  0 st=  0 frame=   620 q= 35.0 f_size=   1234 s_size=     2331kB time= 25.709 br=   236.9kbits/s avg_br=   742.7kbits/s type= B
out=  0 st=  0 frame=   621 q= 35.0 f_size=   1177 s_size=     2332kB time= 25.751 br=   226.0kbits/s avg_br=   741.9kbits/s type= B
out=  0 st=  0 frame=   622 q= 35.0 f_size=  13961 s_size=     2346kB time= 25.793 br=  2680.5kbits/s avg_br=   745.0kbits/s type= P
out=  0 st=  0 frame=   623 q= 35.0 f_size=   1727 s_size=     2347kB time= 25.834 br=   331.6kbits/s avg_br=   744.3kbits/s type= B
out=  0 st=  0 frame=   624 q= 35.0 f_size=   1268 s_size=     2349kB time= 25.876 br=   243.5kbits/s avg_br=   743.5kbits/s type= B
out=  0 st=  0 frame=   625 q= 35.0 f_size=   1172 s_size=     2350kB time= 25.918 br=   225.0kbits/s avg_br=   742.7kbits/s type= B
out=  0 st=  0 frame=   626 q= 35.0 f_size=  12620 s_size=     2362kB time= 25.959 br=  2423.0kbits/s avg_br=   745.4kbits/s type= P
out=  0 st=  0 frame=   627 q= 35.0 f_size=   1761 s_size=     2364kB time= 26.001 br=   338.1kbits/s avg_br=   744.7kbits/s type= B
out=  0 st=  0 frame=   628 q= 35.0 f_size=   1174 s_size=     2365kB time= 26.043 br=   225.4kbits/s avg_br=   743.9kbits/s type= B
out=  0 st=  0 frame=   629 q= 35.0 f_size=   1253 s_size=     2366kB time= 26.084 br=   240.6kbits/s avg_br=   743.1kbits/s type= B
out=  0 st=  0 frame=   630 q= 35.0 f_size=  12183 s_size=     2378kB time= 26.126 br=  2339.1kbits/s avg_br=   745.6kbits/s type= P
out=  0 st=  0 frame=   631 q= 35.0 f_size=   1736 s_size=     2380kB time= 26.168 br=   333.3kbits/s avg_br=   745.0kbits/s type= B
out=  0 st=  0 frame=   632 q= 35.0 f_size=   1249 s_size=     2381kB time= 26.209 br=   239.8kbits/s avg_br=   744.2kbits/s type= B
out=  0 st=  0 frame=   633 q= 35.0 f_size=   1143 s_size=     2382kB time= 26.251 br=   219.5kbits/s avg_br=   743.4kbits/s type= B
out=  0 st=  0 frame=   634 q= 35.0 f_size=  14182 s_size=     2396kB time= 26.293 br=  2722.9kbits/s avg_br=   746.5kbits/s type= P
out=  0 st=  0 frame=   635 q= 35.0 f_size=   1655 s_size=     2398kB time= 26.334 br=   317.8kbits/s avg_br=   745.8kbits/s type= B
out=  0 st=  0 frame=   636 q= 35.0 f_size=   1269 s_size=     2399kB time= 26.376 br=   243.6kbits/s avg_br=   745.0kbits/s type= B
out=  0 st=  0 frame=   637 q= 35.0 f_size=   1182 s_size=     2400kB time= 26.418 br=   226.9kbits/s avg_br=   744.2kbits/s type= B
out=  0 st=  0 frame=   638 q= 35.0 f_size=  12953 s_size=     2413kB time= 26.459 br=  2487.0kbits/s avg_br=   747.0kbits/s type= P
out=  0 st=  0 frame=   639 q= 35.0 f_size=   1751 s_size=     2414kB time= 26.501 br=   336.2kbits/s avg_br=   746.3kbits/s type= B
out=  0 st=  0 frame=   640 q= 35.0 f_size=   1255 s_size=     2416kB time= 26.543 br=   241.0kbits/s avg_br=   745.5kbits/s type= B
out=  0 st=  0 frame=   641 q= 35.0 f_size=   1214 s_size=     2417kB time= 26.584 br=   233.1kbits/s avg_br=   744.7kbits/s type= B
out=  0 st=  0 frame=   642 q= 35.0 f_size=  12822 s_size=     2429kB time= 26.626 br=  2461.8kbits/s avg_br=   747.4kbits/s type= P
out=  0 st=  0 frame=   643 q= 35.0 f_size=   1627 s_size=     2431kB time= 26.668 br=   312.4kbits/s avg_br=   746.7kbits/s type= B
out=  0 st=  0 frame=   644 q= 35.0 f_size=   1218 s_size=     2432kB time= 26.709 br=   233.9kbits/s avg_br=   745.9kbits/s type= B
out=  0 st=  0 frame=   645 q= 35.0 f_size=   1168 s_size=     2433kB time= 26.751 br=   224.3kbits/s avg_br=   745.1kbits/s type= B
out=  0 st=  0 frame=   646 q= 35.0 f_size=  14229 s_size=     2447kB time= 26.793 br=  2732.0kbits/s avg_br=   748.2kbits/s type= P
out=  0 st=  0 frame=   647 q= 35.0 f_size=   1572 s_size=     2449kB time= 26.834 br=   301.8kbits/s avg_br=   747.5kbits/s type= B
out=  0 st=  0 frame=   648 q= 35.0 f_size=   1292 s_size=     2450kB time= 26.876 br=   248.1kbits/s avg_br=   746.7kbits/s type= B
out=  0 st=  0 frame=   649 q= 35.0 f_size=   1178 s_size=     2451kB time= 26.918 br=   226.2kbits/s avg_br=   745.9kbits/s type= B
out=  0 st=  0 frame=   650 q= 35.0 f_size=  12787 s_size=     2463kB time= 26.959 br=  2455.1kbits/s avg_br=   748.6kbits/s type= P
out=  0 st=  0 frame=   651 q= 35.0 f_size=   1719 s_size=     2465kB time= 27.001 br=   330.0kbits/s avg_br=   747.9kbits/s type= B
out=  0 st=  0 frame=   652 q= 35.0 f_size=   1207 s_size=     2466kB time= 27.043 br=   231.7kbits/s avg_br=   747.1kbits/s type= B
out=  0 st=  0 frame=   653 q= 35.0 f_size=   1191 s_size=     2467kB time= 27.084 br=   228.7kbits/s avg_br=   746.3kbits/s type= B
out=  0 st=  0 frame=   654 q= 35.0 f_size=  12639 s_size=     2480kB time= 27.126 br=  2426.7kbits/s avg_br=   748.9kbits/s type= P
out=  0 st=  0 frame=   655 q= 35.0 f_size=   1624 s_size=     2481kB time= 27.168 br=   311.8kbits/s avg_br=   748.2kbits/s type= B
out=  0 st=  0 frame=   656 q= 35.0 f_size=   1298 s_size=     2483kB time= 27.209 br=   249.2kbits/s avg_br=   747.5kbits/s type= B
out=  0 st=  0 frame=   657 q= 35.0 f_size=   1191 s_size=     2484kB time= 27.251 br=   228.7kbits/s avg_br=   746.7kbits/s type= B
out=  0 st=  0 frame=   658 q= 35.0 f_size=  14420 s_size=     2498kB time= 27.293 br=  2768.6kbits/s avg_br=   749.8kbits/s type= P
out=  0 st=  0 frame=   659 q= 35.0 f_size=   1622 s_size=     2500kB time= 27.334 br=   311.4kbits/s avg_br=   749.1kbits/s type= B
out=  0 st=  0 frame=   660 q= 35.0 f_size=   1239 s_size=     2501kB time= 27.376 br=   237.9kbits/s avg_br=   748.3kbits/s type= B
out=  0 st=  0 frame=   661 q= 35.0 f_size=   1160 s_size=     2502kB time= 27.418 br=   222.7kbits/s avg_br=   747.5kbits/s type= B
out=  0 st=  0 frame=   662 q= 35.0 f_size=  13109 s_size=     2515kB time= 27.459 br=  2516.9kbits/s avg_br=   750.2kbits/s type= P
out=  0 st=  0 frame=   663 q= 35.0 f_size=   1706 s_size=     2516kB time= 27.501 br=   327.6kbits/s avg_br=   749.6kbits/s type= B
out=  0 st=  0 frame=   664 q= 35.0 f_size=   1228 s_size=     2518kB time= 27.543 br=   235.8kbits/s avg_br=   748.8kbits/s type= B
out=  0 st=  0 frame=   665 q= 35.0 f_size=   1199 s_size=     2519kB time= 27.584 br=   230.2kbits/s avg_br=   748.0kbits/s type= B
out=  0 st=  0 frame=   666 q= 35.0 f_size=  12617 s_size=     2531kB time= 27.626 br=  2422.5kbits/s avg_br=   750.5kbits/s type= P
out=  0 st=  0 frame=   667 q= 35.0 f_size=   1643 s_size=     2533kB time= 27.668 br=   315.5kbits/s avg_br=   749.9kbits/s type= B
out=  0 st=  0 frame=   668 q= 35.0 f_size=   1262 s_size=     2534kB time= 27.709 br=   242.3kbits/s avg_br=   749.1kbits/s type= B
out=  0 st=  0 frame=   669 q= 32.0 f_size=   1195 s_size=     2535kB time= 27.751 br=   229.4kbits/s avg_br=   748.3kbits/s type= B
out=  0 st=  0 frame=   670 q= 35.0 f_size=    737 s_size=     2536kB time= 27.793 br=   141.5kbits/s avg_br=   747.4kbits/s type= P
out=  0 st=  0 frame=   671 q= 35.0 f_size= 144715 s_size=     2677kB time= 27.834 br= 27785.3kbits/s avg_br=   787.9kbits/s type= I
out=  0 st=  0 frame=   672 q= 35.0 f_size=   4927 s_size=     2682kB time= 27.876 br=   946.0kbits/s avg_br=   788.1kbits/s type= P
out=  0 st=  0 frame=   673 q= 35.0 f_size=   1229 s_size=     2683kB time= 27.918 br=   236.0kbits/s avg_br=   787.3kbits/s type= B
out=  0 st=  0 frame=   674 q= 35.0 f_size=    884 s_size=     2684kB time= 27.959 br=   169.7kbits/s avg_br=   786.4kbits/s type= B
out=  0 st=  0 frame=   675 q= 35.0 f_size=   1219 s_size=     2685kB time= 28.001 br=   234.0kbits/s avg_br=   785.6kbits/s type= B
out=  0 st=  0 frame=   676 q= 35.0 f_size=   8112 s_size=     2693kB time= 28.043 br=  1557.5kbits/s avg_br=   786.7kbits/s type= P
out=  0 st=  0 frame=   677 q= 35.0 f_size=   1839 s_size=     2695kB time= 28.084 br=   353.1kbits/s avg_br=   786.1kbits/s type= B
out=  0 st=  0 frame=   678 q= 35.0 f_size=   1021 s_size=     2696kB time= 28.126 br=   196.0kbits/s avg_br=   785.2kbits/s type= B
out=  0 st=  0 frame=   679 q= 35.0 f_size=   1362 s_size=     2697kB time= 28.168 br=   261.5kbits/s avg_br=   784.4kbits/s type= B
out=  0 st=  0 frame=   680 q= 35.0 f_size=   8783 s_size=     2706kB time= 28.209 br=  1686.3kbits/s avg_br=   785.8kbits/s type= P
out=  0 st=  0 frame=   681 q= 35.0 f_size=   1790 s_size=     2707kB time= 28.251 br=   343.7kbits/s avg_br=   785.1kbits/s type= B
out=  0 st=  0 frame=   682 q= 35.0 f_size=   1069 s_size=     2709kB time= 28.293 br=   205.2kbits/s avg_br=   784.2kbits/s type= B
out=  0 st=  0 frame=   683 q= 35.0 f_size=   1287 s_size=     2710kB time= 28.334 br=   247.1kbits/s avg_br=   783.5kbits/s type= B
out=  0 st=  0 frame=   684 q= 35.0 f_size=  10402 s_size=     2720kB time= 28.376 br=  1997.2kbits/s avg_br=   785.2kbits/s type= P
out=  0 st=  0 frame=   685 q= 35.0 f_size=   1803 s_size=     2722kB time= 28.418 br=   346.2kbits/s avg_br=   784.6kbits/s type= B
out=  0 st=  0 frame=   686 q= 35.0 f_size=   1235 s_size=     2723kB time= 28.459 br=   237.1kbits/s avg_br=   783.8kbits/s type= B
out=  0 st=  0 frame=   687 q= 35.0 f_size=   1282 s_size=     2724kB time= 28.501 br=   246.1kbits/s avg_br=   783.0kbits/s type= B
out=  0 st=  0 frame=   688 q= 35.0 f_size=   9692 s_size=     2734kB time= 28.543 br=  1860.9kbits/s avg_br=   784.6kbits/s type= P
out=  0 st=  0 frame=   689 q= 35.0 f_size=   1847 s_size=     2735kB time= 28.584 br=   354.6kbits/s avg_br=   784.0kbits/s type= B
out=  0 st=  0 frame=   690 q= 35.0 f_size=   1090 s_size=     2737kB time= 28.626 br=   209.3kbits/s avg_br=   783.1kbits/s type= B
out=  0 st=  0 frame=   691 q= 35.0 f_size=   1308 s_size=     2738kB time= 28.668 br=   251.1kbits/s avg_br=   782.3kbits/s type= B
out=  0 st=  0 frame=   692 q= 35.0 f_size=   9048 s_size=     2747kB time= 28.709 br=  1737.2kbits/s avg_br=   783.7kbits/s type= P
out=  0 st=  0 frame=   693 q= 35.0 f_size=   1754 s_size=     2748kB time= 28.751 br=   336.8kbits/s avg_br=   783.1kbits/s type= B
out=  0 st=  0 frame=   694 q= 35.0 f_size=   1185 s_size=     2749kB time= 28.793 br=   227.5kbits/s avg_br=   782.3kbits/s type= B
out=  0 st=  0 frame=   695 q= 35.0 f_size=   1251 s_size=     2751kB time= 28.834 br=   240.2kbits/s avg_br=   781.5kbits/s type= B
out=  0 st=  0 frame=   696 q= 35.0 f_size=   9485 s_size=     2760kB time= 28.876 br=  1821.1kbits/s avg_br=   783.0kbits/s type= P
out=  0 st=  0 frame=   697 q= 35.0 f_size=   1810 s_size=     2762kB time= 28.918 br=   347.5kbits/s avg_br=   782.4kbits/s type= B
out=  0 st=  0 frame=   698 q= 35.0 f_size=   1254 s_size=     2763kB time= 28.959 br=   240.8kbits/s avg_br=   781.6kbits/s type= B
out=  0 st=  0 frame=   699 q= 35.0 f_size=   1268 s_size=     2764kB time= 29.001 br=   243.5kbits/s avg_br=   780.8kbits/s type= B
out=  0 st=  0 frame=   700 q= 35.0 f_size=   8118 s_size=     2772kB time= 29.043 br=  1558.7kbits/s avg_br=   781.9kbits/s type= P
out=  0 st=  0 frame=   701 q= 35.0 f_size=   1926 s_size=     2774kB time= 29.084 br=   369.8kbits/s avg_br=   781.3kbits/s type= B
out=  0 st=  0 frame=   702 q= 35.0 f_size=   1133 s_size=     2775kB time= 29.126 br=   217.5kbits/s avg_br=   780.5kbits/s type= B
out=  0 st=  0 frame=   703 q= 35.0 f_size=   1310 s_size=     2776kB time= 29.168 br=   251.5kbits/s avg_br=   779.8kbits/s type= B
out=  0 st=  0 frame=   704 q= 35.0 f_size=   6501 s_size=     2783kB time= 29.209 br=  1248.2kbits/s avg_br=   780.5kbits/s type= P
out=  0 st=  0 frame=   705 q= 35.0 f_size=   1920 s_size=     2785kB time= 29.251 br=   368.6kbits/s avg_br=   779.9kbits/s type= B
out=  0 st=  0 frame=   706 q= 35.0 f_size=   1202 s_size=     2786kB time= 29.293 br=   230.8kbits/s avg_br=   779.1kbits/s type= B
out=  0 st=  0 frame=   707 q= 35.0 f_size=   1349 s_size=     2787kB time= 29.334 br=   259.0kbits/s avg_br=   778.3kbits/s type= B
out=  0 st=  0 frame=   708 q= 35.0 f_size=   4777 s_size=     2792kB time= 29.376 br=   917.2kbits/s avg_br=   778.5kbits/s type= P
out=  0 st=  0 frame=   709 q= 35.0 f_size=   1995 s_size=     2794kB time= 29.418 br=   383.0kbits/s avg_br=   778.0kbits/s type= B
out=  0 st=  0 frame=   710 q= 35.0 f_size=   1205 s_size=     2795kB time= 29.459 br=   231.4kbits/s avg_br=   777.2kbits/s type= B
out=  0 st=  0 frame=   711 q= 35.0 f_size=   1360 s_size=     2796kB time= 29.501 br=   261.1kbits/s avg_br=   776.5kbits/s type= B
out=  0 st=  0 frame=   712 q= 35.0 f_size=   2147 s_size=     2798kB time= 29.543 br=   412.2kbits/s avg_br=   775.9kbits/s type= P
out=  0 st=  0 frame=   713 q= 35.0 f_size=   2277 s_size=     2801kB time= 29.584 br=   437.2kbits/s avg_br=   775.5kbits/s type= B
out=  0 st=  0 frame=   714 q= 32.0 f_size=   1248 s_size=     2802kB time= 29.626 br=   239.6kbits/s avg_br=   774.7kbits/s type= B
out=  0 st=  0 frame=   715 q= 35.0 f_size=   1358 s_size=     2803kB time= 29.668 br=   260.7kbits/s avg_br=   774.0kbits/s type= B
out=  0 st=  0 frame=   716 q= 35.0 f_size=  73636 s_size=     2875kB time= 29.709 br= 14138.1kbits/s avg_br=   792.8kbits/s type= I
out=  0 st=  0 frame=   717 q= 35.0 f_size=   1145 s_size=     2876kB time= 29.751 br=   219.8kbits/s avg_br=   791.9kbits/s type= P
out=  0 st=  0 frame=   718 q= 35.0 f_size=    894 s_size=     2877kB time= 29.793 br=   171.6kbits/s avg_br=   791.1kbits/s type= B
out=  0 st=  0 frame=   719 q= -1.0 f_size=    824 s_size=     2878kB time= 29.834 br=   158.2kbits/s avg_br=   790.2kbits/s type= B
out=  0 st=  0 frame=   720 q= -1.0 f_size=    980 s_size=     2879kB time= 29.876 br=   188.2kbits/s avg_br=   789.4kbits/s type= B
